4.070713043
4.243813992
9.753205299
3.210146189
5.185609818
1.416755676
1.416755676
10.242544174
1.867929578
5.891081333
5.185609818
10.992282867
10.992282867
7.549609184
5.348561287
9.856055260
3.708786726
7.549609184
6.914157391
7.163626194
3.732015848
10.438925743
10.047530174
5.348561287
2.341187716
10.242544174
0.413230419
10.543895721
6.924644947
5.185609818
1.535992146
8.780361176
9.753205299
6.914157391
1.416755676
4.998044014
3.708786726
2.884011507
2.316513300
2.946182966
9.047220230
7.465620995
6.939902782
1.156494975
2.341187716
2.341187716
9.419334412
10.607956886
1.535992146
8.495062828
5.348561287
9.047220230
7.167346001
8.712974548
9.419334412
6.924644947
4.998044014
6.757170200
0.494743228
1.456460357
4.724743843
11.190320015
5.446522713
11.190320015
5.891081333
5.185609818
1.456460357
0.919668019
6.274621964
10.242544174
10.438925743
6.757170200
7.167346001
0.413230419
0.919668019
0.494743228
3.617746592
1.298484921
4.243813992
5.631906033
11.050684929
3.184383154
2.530335665
2.884011507
1.416755676
0.668975055
0.697422206
1.602827430
0.527550697
0.852195561
0.232827559
0.232827559
1.683244705
0.306972831
0.968131661
0.852195561
1.806455731
1.806455731
1.240691781
0.878974795
1.619729757
0.609496593
1.240691781
1.136262536
1.177259922
0.613314033
1.715517879
1.651196361
0.878974795
0.384747356
1.683244705
0.067909688
1.732768416
1.137986064
0.852195561
0.252422720
1.442951679
1.602827430
1.136262536
0.232827559
0.821371257
0.609496593
0.473954260
0.380692422
0.484171420
1.486806989
1.226889253
1.140493512
0.190056697
0.384747356
0.384747356
1.547959566
1.743296146
0.252422720
1.396066189
0.878974795
1.486806989
1.177871108
1.431877494
1.547959566
1.137986064
0.821371257
1.110463500
0.081305377
0.239352569
0.776457489
1.839000821
0.895073593
1.839000821
0.968131661
0.852195561
0.239352569
0.151136905
1.031162143
1.683244705
1.715517879
1.110463500
1.177871108
0.067909688
0.151136905
0.081305377
0.594535172
0.213391110
0.697422206
0.925539196
1.816053391
0.523316860
0.415831655
0.473954260
0.232827559
0.376770020
0.392791569
0.902720213
0.297119141
0.479960680
0.131129622
0.131129622
0.948011637
0.172888592
0.545256495
0.479960680
1.017404675
1.017404675
0.698763609
0.495042861
0.912239671
0.343271434
0.698763609
0.639948606
0.663038492
0.345421463
0.966188014
0.929961860
0.495042861
0.216691583
0.948011637
0.038247064
0.975903630
0.640919268
0.479960680
0.142165691
0.812677443
0.902720213
0.639948606
0.131129622
0.462600291
0.343271434
0.266933352
0.214407817
0.272687703
0.837376952
0.690989971
0.642331481
0.107040852
0.216691583
0.216691583
0.871818364
0.981832862
0.142165691
0.786271274
0.495042861
0.837376952
0.663382769
0.806440413
0.871818364
0.640919268
0.462600291
0.625418425
0.045791585
0.134804532
0.437304646
1.035734177
0.504109800
1.035734177
0.545256495
0.479960680
0.134804532
0.085121036
0.580755591
0.948011637
0.966188014
0.625418425
0.663382769
0.038247064
0.085121036
0.045791585
0.334845096
0.120182909
0.392791569
0.521268189
1.022810102
0.294734597
0.234198406
0.266933352
0.131129622
1.320613742
1.376770854
3.164118052
1.041430116
1.682306647
0.459621459
0.459621459
3.322868586
0.605990529
1.911174417
1.682306647
3.566097498
3.566097498
2.449231148
1.735171080
3.197484493
1.203198195
2.449231148
2.243078947
2.324011326
1.210734129
3.386578321
3.259602308
1.735171080
0.759524047
3.322868586
0.134059504
3.420632601
2.246481419
1.682306647
0.498303920
2.848509550
3.164118052
2.243078947
0.459621459
1.621456861
1.203198195
0.935626090
0.751519263
0.955795646
2.935083628
2.421983957
2.251431227
0.375188112
0.759524047
0.759524047
3.055804253
3.441415071
0.498303920
2.755953550
1.735171080
2.935083628
2.325217962
2.826648235
3.055804253
2.246481419
1.621456861
2.192149639
0.160503745
0.472502351
1.532793283
3.630344152
1.766951442
3.630344152
1.911174417
1.682306647
0.472502351
0.298357129
2.035602093
3.322868586
3.386578321
2.192149639
2.325217962
0.134059504
0.298357129
0.160503745
1.173663139
0.421252221
1.376770854
1.827093244
3.585044146
1.033072114
0.820887089
0.935626090
0.459621459
0.808202863
0.842570484
1.936409593
0.637345135
1.029555440
0.281283885
0.281283885
2.033563375
0.370860338
1.169620275
1.029555440
2.182417154
2.182417154
1.498905778
1.061908007
1.956829667
0.736345708
1.498905778
1.372742653
1.422272444
0.740957618
2.072553158
1.994845152
1.061908007
0.464821398
2.033563375
0.082043119
2.093394041
1.374824882
1.029555440
0.304957181
1.743260384
1.936409593
1.372742653
0.281283885
0.992315888
0.736345708
0.572594106
0.459922522
0.584937692
1.796242833
1.482230783
1.377854228
0.229611486
0.464821398
0.464821398
1.870122671
2.106112719
0.304957181
1.686617017
1.061908007
1.796242833
1.423010945
1.729881406
1.870122671
1.374824882
0.992315888
1.341574311
0.098226741
0.289166868
0.938054681
2.221735477
1.081357241
2.221735477
1.169620275
1.029555440
0.289166868
0.182591677
1.245768785
2.033563375
2.072553158
1.341574311
1.423010945
0.082043119
0.182591677
0.098226741
0.718270481
0.257802308
0.842570484
1.118163466
2.194012403
0.632230103
0.502375007
0.572594106
0.281283885
0.866273224
0.903110147
2.075542927
0.683139145
1.103530169
0.301494479
0.301494479
2.179677486
0.397507101
1.253658891
1.103530169
2.339226484
2.339226484
1.606603980
1.138207316
2.097430229
0.789252996
1.606603980
1.471375942
1.524464488
0.794196308
2.221468687
2.138177156
1.138207316
0.498219371
2.179677486
0.087938018
2.243807077
1.473607779
1.103530169
0.326868743
1.868515730
2.075542927
1.471375942
0.301494479
1.063615084
0.789252996
0.613735676
0.492968529
0.626966178
1.925305128
1.588730812
1.476854682
0.246109352
0.498219371
0.498219371
2.004493237
2.257439613
0.326868743
1.807802439
1.138207316
1.925305128
1.525256038
1.854175568
2.004493237
1.473607779
1.063615084
1.437968135
0.105284452
0.309943855
1.005455017
2.381370068
1.159054041
2.381370068
1.253658891
1.103530169
0.309943855
0.195711106
1.335278749
2.179677486
2.221468687
1.437968135
1.525256038
0.087938018
0.195711106
0.105284452
0.769879103
0.276325703
0.903110147
1.198504806
2.351654768
0.677656651
0.538471222
0.613735676
0.301494479
1.404565454
1.464292526
3.365261555
1.107634068
1.789251208
0.488839686
0.488839686
3.534104109
0.644513428
2.032668114
1.789251208
3.792794943
3.792794943
2.604929447
1.845476389
3.400749207
1.279685736
2.604929447
2.385672092
2.471749306
1.287700772
3.601863861
3.466815948
1.845476389
0.807807148
3.534104109
0.142581701
3.638082981
2.389290810
1.789251208
0.529981196
3.029590130
3.365261555
2.385672092
0.488839686
1.724533200
1.279685736
0.995104015
0.799293518
1.016555786
3.121667624
2.575949907
2.394555330
0.399038881
0.807807148
0.807807148
3.250062227
3.660186768
0.529981196
2.931150198
1.845476389
3.121667624
2.473032713
3.006338835
3.250062227
2.389290810
1.724533200
2.331505060
0.170707002
0.502539456
1.630233288
3.861125946
1.879276991
3.861125946
2.032668114
1.789251208
0.502539456
0.317323744
2.165005684
3.534104109
3.601863861
2.331505060
2.473032713
0.142581701
0.317323744
0.170707002
1.248273134
0.448031336
1.464292526
1.943241954
3.812946320
1.098744750
0.873071074
0.995104015
0.488839686
0.654343545
0.682168484
1.567771196
0.516012371
0.833556712
0.227735266
0.227735266
1.646429539
0.300258845
0.946957171
0.833556712
1.766945720
1.766945720
1.213555932
0.859750271
1.584303737
0.596165955
1.213555932
1.111410737
1.151511431
0.599899888
1.677996874
1.615082145
0.859750271
0.376332343
1.646429539
0.066424392
1.694870114
1.113096595
0.833556712
0.246901840
1.411392093
1.567771196
1.111410737
0.227735266
0.803406596
0.596165955
0.463588148
0.372366071
0.473581851
1.454288244
1.200055242
1.115549088
0.185899854
0.376332343
0.376332343
1.514103293
1.705167532
0.246901840
1.365532041
0.859750271
1.454288244
1.152109265
1.400560141
1.514103293
1.113096595
0.803406596
1.086175919
0.079527102
0.234117553
0.759475172
1.798779011
0.875496924
1.798779011
0.946957171
0.833556712
0.234117553
0.147831306
1.008609056
1.646429539
1.677996874
1.086175919
1.152109265
0.066424392
0.147831306
0.079527102
0.581531763
0.208723918
0.682168484
0.905296206
1.776333451
0.511871099
0.406736761
0.463588148
0.227735266
0.515543282
0.537465930
1.235213280
0.406555086
0.656741500
0.179427743
0.179427743
1.297186613
0.236567512
0.746087253
0.656741500
1.392138720
1.392138720
0.956134677
0.677378833
1.248239040
0.469706386
0.956134677
0.875656724
0.907251179
0.472648293
1.322057724
1.272488713
0.677378833
0.296504200
1.297186613
0.052334357
1.335351825
0.876984894
0.656741500
0.194528669
1.112005591
1.235213280
0.875656724
0.179427743
0.632986844
0.469706386
0.365251154
0.293379247
0.373124987
1.145802498
0.945497870
0.878917217
0.146466509
0.296504200
0.296504200
1.192929626
1.343464971
0.194528669
1.075873494
0.677378833
1.145802498
0.907722235
1.103471398
1.192929626
0.876984894
0.632986844
0.855774760
0.062657699
0.184456199
0.598374248
1.417219400
0.689785242
1.417219400
0.746087253
0.656741500
0.184456199
0.116473116
0.794661522
1.297186613
1.322057724
0.855774760
0.907722235
0.052334357
0.116473116
0.062657699
0.458176434
0.164449111
0.537465930
0.713263512
1.399535060
0.403292298
0.320459187
0.365251154
0.179427743
0.594624341
0.619909823
1.424687266
0.468918085
0.757481456
0.206950814
0.206950814
1.496166825
0.272855490
0.860532343
0.757481456
1.605683923
1.605683923
1.102799654
0.781284451
1.439710975
0.541756392
1.102799654
1.009976864
1.046417713
0.545149565
1.524853110
1.467680335
0.781284451
0.341986060
1.496166825
0.060362119
1.540186405
1.011508822
0.757481456
0.224368140
1.282580256
1.424687266
1.009976864
0.206950814
0.730083048
0.541756392
0.421278387
0.338381797
0.430360019
1.321561456
1.090531230
1.013737559
0.168933555
0.341986060
0.341986060
1.375917435
1.549544096
0.224368140
1.240905643
0.781284451
1.321561456
1.046961069
1.272736907
1.375917435
1.011508822
0.730083048
0.987045228
0.072269000
0.212750614
0.690161049
1.634611964
0.795593977
1.634611964
0.860532343
0.757481456
0.212750614
0.134339362
0.916557550
1.496166825
1.524853110
0.987045228
1.046961069
0.060362119
0.134339362
0.072269000
0.528457820
0.189674556
0.619909823
0.822673619
1.614215016
0.465154767
0.369615614
0.421278387
0.206950814
1.340455890
1.397456765
3.211658716
1.057077527
1.707583189
0.466527253
0.466527253
3.372794628
0.615095496
1.939889789
1.707583189
3.619678020
3.619678020
2.486030817
1.761242032
3.245526552
1.221276164
2.486030817
2.276781321
2.358929396
1.228925347
3.437461615
3.308577776
1.761242032
0.770935893
3.372794628
0.136073738
3.472027302
2.280234814
1.707583189
0.505790949
2.891308308
3.211658716
2.276781321
0.466527253
1.645819187
1.221276164
0.949683845
0.762810826
0.970156431
2.979183197
2.458374262
2.285259008
0.380825281
0.770935893
0.770935893
3.101717472
3.493122339
0.505790949
2.797361612
1.761242032
2.979183197
2.360154390
2.869118452
3.101717472
2.280234814
1.645819187
2.225086451
0.162915304
0.479601681
1.555823445
3.684890032
1.793499827
3.684890032
1.939889789
1.707583189
0.479601681
0.302839905
2.066186905
3.372794628
3.437461615
2.225086451
2.360154390
0.136073738
0.302839905
0.162915304
1.191297293
0.427581519
1.397456765
1.854545236
3.638909340
1.048593998
0.833220899
0.949683845
0.466527253
0.384522110
0.400873333
0.921293855
0.303232402
0.489835948
0.133827627
0.133827627
0.967517138
0.176445797
0.556475222
0.489835948
1.038337946
1.038337946
0.713140786
0.505228460
0.931009173
0.350334316
0.713140786
0.653115630
0.676680624
0.352528542
0.986067474
0.949095964
0.505228460
0.221150041
0.967517138
0.039034005
0.995983005
0.654106319
0.489835948
0.145090774
0.829398394
0.921293855
0.653115630
0.133827627
0.472118348
0.350334316
0.272425532
0.218819290
0.278298289
0.854606092
0.705207229
0.655547559
0.109243236
0.221150041
0.221150041
0.889756203
1.002034307
0.145090774
0.802448928
0.505228460
0.854606092
0.677031994
0.823033035
0.889756203
0.654106319
0.472118348
0.638286531
0.046733756
0.137578145
0.446302265
1.057044625
0.514481902
1.057044625
0.556475222
0.489835948
0.137578145
0.086872414
0.592704713
0.967517138
0.986067474
0.638286531
0.677031994
0.039034005
0.086872414
0.046733756
0.341734588
0.122655697
0.400873333
0.531993330
1.043854594
0.300798804
0.239017084
0.272425532
0.133827627
1.025555253
1.069165468
2.457174063
0.808748305
1.306436896
0.356930405
0.356930405
2.580455780
0.470596910
1.484169841
1.306436896
2.769341230
2.769341230
1.902011037
1.347490072
2.483085632
0.934373319
1.902011037
1.741918564
1.804768443
0.940225601
2.629931211
2.531324863
1.347490072
0.589827180
2.580455780
0.104107223
2.656376839
1.744560719
1.306436896
0.386970252
2.212080717
2.457174063
1.741918564
0.356930405
1.259182453
0.934373319
0.726583600
0.583610892
0.742246747
2.279311895
1.880851626
1.748404622
0.291361600
0.589827180
0.589827180
2.373060465
2.672516108
0.386970252
2.140203953
1.347490072
2.279311895
1.805705547
2.195103645
2.373060465
1.744560719
1.259182453
1.702368021
0.124643154
0.366933405
1.190328598
2.819233656
1.372169852
2.819233656
1.484169841
1.306436896
0.366933405
0.231696606
1.580797195
2.580455780
2.629931211
1.702368021
1.805705547
0.104107223
0.231696606
0.124643154
0.911437154
0.327133834
1.069165468
1.418874502
2.784054756
0.802257717
0.637480199
0.726583600
0.356930405
0.506308198
0.527838171
1.213086605
0.399272352
0.644977093
0.176213607
0.176213607
1.273949742
0.232329816
0.732722402
0.644977093
1.367200971
1.367200971
0.939007223
0.665244758
1.225878954
0.461292416
0.939007223
0.859970808
0.890999317
0.464181602
1.298375368
1.249694228
0.665244758
0.291192830
1.273949742
0.051396880
1.311431408
0.861275256
0.644977093
0.191044018
1.092085958
1.213086605
0.859970808
0.176213607
0.621648014
0.461292416
0.358708322
0.288123876
0.366441101
1.125277519
0.928560913
0.863172948
0.143842816
0.291192830
0.291192830
1.171560287
1.319399118
0.191044018
1.056601048
0.665244758
1.125277519
0.891461968
1.083704591
1.171560287
0.861275256
0.621648014
0.840445042
0.061535299
0.181151986
0.587655365
1.391832471
0.677428961
1.391832471
0.732722402
0.644977093
0.181151986
0.114386700
0.780426502
1.273949742
1.298375368
0.840445042
0.891461968
0.051396880
0.114386700
0.061535299
0.449968994
0.161503285
0.527838171
0.700486660
1.374464869
0.396068007
0.314718723
0.358708322
0.176213607
0.379318178
0.395448089
0.908825517
0.299128592
0.483206749
0.132016465
0.132016465
0.954423189
0.174057856
0.548944116
0.483206749
1.024285555
1.024285555
0.703489482
0.498390943
0.918409288
0.345593065
0.703489482
0.644276679
0.667522728
0.347757608
0.972722530
0.936251342
0.498390943
0.218157113
0.954423189
0.038505737
0.982503831
0.645253956
0.483206749
0.143127188
0.818173707
0.908825517
0.644276679
0.132016465
0.465728939
0.345593065
0.268738657
0.215857893
0.274531931
0.843040287
0.695663273
0.646675646
0.107764788
0.218157113
0.218157113
0.877714634
0.988473177
0.143127188
0.791588962
0.498390943
0.843040287
0.667869329
0.811894476
0.877714634
0.645253956
0.465728939
0.629648268
0.046101283
0.135716230
0.440262228
1.042739034
0.507519186
1.042739034
0.548944116
0.483206749
0.135716230
0.085696727
0.584683299
0.954423189
0.972722530
0.629648268
0.667869329
0.038505737
0.085696727
0.046101283
0.337109715
0.120995730
0.395448089
0.524793625
1.029727578
0.296727955
0.235782340
0.268738657
0.132016465
10.807389259
11.266957283
25.893909454
8.522658348
13.767342567
3.761363029
3.761363029
27.193063736
4.959190369
15.640307426
13.767342567
29.183553696
29.183553696
20.043554306
14.199965477
26.166969299
9.846506119
20.043554306
18.356485367
19.018804550
9.908177376
27.714439392
26.675317764
14.199965477
6.215649128
27.193063736
1.097090840
27.993125916
18.384328842
13.767342567
4.077925682
23.311094284
25.893909454
18.356485367
3.761363029
13.269371986
9.846506119
7.656799793
6.150141239
7.821859360
24.019582748
19.820573807
18.424837112
3.070393324
6.215649128
6.215649128
25.007511139
28.163202286
4.077925682
22.553651810
14.199965477
24.019582748
19.028678894
23.132188797
25.007511139
18.384328842
13.269371986
17.939699173
1.313500166
3.866775274
12.543784142
29.709323883
14.460042953
29.709323883
15.640307426
13.767342567
3.866775274
2.441638470
16.658575058
27.193063736
27.714439392
17.939699173
19.028678894
1.097090840
2.441638470
1.313500166
9.604802132
3.447364330
11.266957283
14.952219963
29.338605881
8.454259872
6.717820644
7.656799793
3.761363029
1.758592963
1.833374500
4.213491917
1.386818528
2.240240574
0.612054110
0.612054110
4.424891949
0.806966186
2.545011997
2.240240574
4.748787403
4.748787403
3.261514425
2.310637474
4.257924557
1.602236748
3.261514425
2.986992359
3.094765663
1.612272024
4.509731293
4.340643883
2.310637474
1.011418819
4.424891949
0.178520098
4.555079460
2.991523027
2.240240574
0.663565576
3.793212891
4.213491917
2.986992359
0.612054110
2.159210205
1.602236748
1.245924830
1.000759244
1.272783518
3.908499002
3.225230694
2.998114586
0.499618560
1.011418819
1.011418819
4.069256306
4.582754612
0.663565576
3.669960737
2.310637474
3.908499002
3.096372604
3.764101267
4.069256306
2.991523027
2.159210205
2.919172049
0.213734522
0.629206896
2.041141510
4.834341526
2.352957726
4.834341526
2.545011997
2.240240574
0.629206896
0.397306740
2.710705757
4.424891949
4.509731293
2.919172049
3.096372604
0.178520098
0.397306740
0.213734522
1.562906384
0.560959816
1.833374500
2.433045626
4.774017811
1.375688672
1.093132854
1.245924830
0.612054110
1.090901852
1.137290835
2.613740921
0.860280335
1.389680743
0.379673392
0.379673392
2.744878054
0.500582516
1.578738570
1.389680743
2.945798874
2.945798874
2.023203850
1.433349848
2.641303778
0.993910015
2.023203850
1.852910638
1.919765234
1.000135183
2.797505856
2.692616463
1.433349848
0.627409995
2.744878054
0.110740758
2.825636625
1.855721116
1.389680743
0.411627322
2.353030682
2.613740921
1.852910638
0.379673392
1.339415312
0.993910015
0.772880256
0.620797575
0.789541423
2.424545765
2.000696182
1.859809995
0.309926659
0.627409995
0.627409995
2.524267673
2.842804193
0.411627322
2.276574135
1.433349848
2.424545765
1.920762062
2.334971905
2.524267673
1.855721116
1.339415312
1.810839891
0.132585198
0.390313745
1.266174197
2.998870373
1.459602237
2.998870373
1.578738570
1.389680743
0.390313745
0.246459916
1.681522846
2.744878054
2.797505856
1.810839891
1.920762062
0.110740758
0.246459916
0.132585198
0.969512343
0.347978264
1.137290835
1.509282708
2.961449862
0.853376150
0.678099334
0.772880256
0.379673392
1.356569052
1.414255142
3.250264883
1.069784284
1.728109479
0.472135216
0.472135216
3.413337708
0.622489333
1.963208437
1.728109479
3.663188696
3.663188696
2.515914440
1.782413244
3.284539938
1.235956788
2.515914440
2.304149628
2.387285233
1.243697882
3.478782177
3.348349094
1.782413244
0.780203044
3.413337708
0.137709439
3.513763428
2.307644606
1.728109479
0.511870861
2.926063776
3.250264883
2.304149628
0.472135216
1.665602922
1.235956788
0.961099625
0.771980286
0.981818318
3.014994860
2.487925291
2.312729120
0.385403067
0.780203044
0.780203044
3.139002085
3.535111904
0.511870861
2.830987692
1.782413244
3.014994860
2.388525009
2.903607130
3.139002085
2.307644606
1.665602922
2.251833439
0.164873660
0.485366791
1.574525476
3.729184866
1.815058827
3.729184866
1.963208437
1.728109479
0.485366791
0.306480259
2.091023684
3.413337708
3.478782177
2.251833439
2.388525009
0.137709439
0.306480259
0.164873660
1.205617547
0.432721347
1.414255142
1.876838088
3.682651281
1.061198711
0.843236744
0.961099625
0.472135216
0.717732430
0.748252928
1.719647527
0.566000581
0.914306760
0.249796912
0.249796912
1.805925965
0.329346150
1.038692713
0.914306760
1.938116908
1.938116908
1.331117988
0.943037748
1.737781644
0.653918982
1.331117988
1.219077587
1.263062954
0.658014655
1.840551138
1.771541715
0.943037748
0.412789166
1.805925965
0.072859198
1.859059095
1.220926762
0.914306760
0.270820230
1.548119426
1.719647527
1.219077587
0.249796912
0.881235838
0.653918982
0.508497775
0.408438683
0.519459665
1.595171094
1.316309571
1.223616838
0.203908727
0.412789166
0.412789166
1.660780668
1.870354056
0.270820230
1.497816682
0.943037748
1.595171094
1.263718843
1.536238074
1.660780668
1.220926762
0.881235838
1.191398263
0.087231219
0.256797463
0.833048642
1.973034024
0.960309863
1.973034024
1.038692713
0.914306760
0.256797463
0.162152320
1.106317163
1.805925965
1.840551138
1.191398263
1.263718843
0.072859198
0.162152320
0.087231219
0.637867093
0.228943855
0.748252928
0.992995977
1.948414087
0.561458170
0.446139008
0.508497775
0.249796912
0.446228921
0.465204120
1.069139957
0.351894110
0.568443179
0.155303836
0.155303836
1.122781038
0.204761222
0.645776451
0.568443179
1.204966903
1.204966903
0.827583194
0.586305797
1.080414295
0.406554788
0.827583194
0.757925391
0.785272062
0.409101129
1.144308209
1.101403713
0.586305797
0.256639451
1.122781038
0.045298051
1.155815005
0.759075046
0.568443179
0.168374464
0.962497473
1.069139957
0.757925391
0.155303836
0.547882318
0.406554788
0.316143453
0.253934681
0.322958648
0.991750419
0.818376482
0.760747612
0.126774222
0.256639451
0.256639451
1.032541275
1.162837267
0.168374464
0.931223214
0.586305797
0.991750419
0.785679758
0.955110610
1.032541275
0.759075046
0.547882318
0.740716577
0.054233428
0.159656227
0.517923355
1.226675510
0.597044230
1.226675510
0.645776451
0.568443179
0.159656227
0.100813404
0.687819958
1.122781038
1.144308209
0.740716577
0.785679758
0.045298051
0.100813404
0.054233428
0.396575004
0.142339066
0.465204120
0.617365837
1.211368799
0.349069983
0.277373731
0.316143453
0.155303836
0.549579978
0.572950065
1.316763520
0.433396310
0.700100303
0.191273764
0.191273764
1.382828355
0.252185971
0.795344770
0.700100303
1.484049201
1.484049201
1.019259810
0.722100139
1.330649137
0.500716925
1.019259810
0.933468521
0.967148900
0.503853083
1.409341455
1.356499791
0.722100139
0.316079736
1.382828355
0.055789530
1.423513293
0.934884429
0.700100303
0.207371667
1.185421467
1.316763520
0.933468521
0.191273764
0.674777329
0.500716925
0.389365464
0.312748492
0.397759110
1.221449733
1.007920742
0.936944366
0.156136394
0.316079736
0.316079736
1.271688104
1.432162046
0.207371667
1.146903872
0.722100139
1.221449733
0.967651069
1.176323771
1.271688104
0.934884429
0.674777329
0.912273943
0.066794433
0.196634203
0.637879550
1.510785818
0.735325634
1.510785818
0.795344770
0.700100303
0.196634203
0.124162801
0.847125947
1.382828355
1.409341455
0.912273943
0.967651069
0.055789530
0.124162801
0.066794433
0.488425761
0.175306216
0.572950065
0.760353982
1.491933942
0.429918110
0.341616273
0.389365464
0.191273764
0.658710957
0.686721623
1.578235149
0.519456506
0.839120269
0.229255274
0.229255274
1.657418609
0.302262932
0.953277588
0.839120269
1.778739095
1.778739095
1.221655726
0.865488648
1.594878197
0.600145042
1.221655726
1.118828773
1.159197092
0.603903949
1.689196587
1.625862002
0.865488648
0.378844172
1.657418609
0.066867746
1.706182480
1.120525837
0.839120269
0.248549774
1.420812488
1.578235149
1.118828773
0.229255274
0.808768928
0.600145042
0.466682345
0.374851435
0.476742744
1.463994861
1.208065033
1.122994781
0.187140644
0.378844172
0.378844172
1.524209142
1.716548681
0.248549774
1.374646306
0.865488648
1.463994861
1.159798980
1.409908175
1.524209142
1.120525837
0.808768928
1.093425632
0.080057904
0.235680163
0.764544308
1.810784936
0.881340384
1.810784936
0.953277588
0.839120269
0.235680163
0.148818001
1.015341043
1.657418609
1.689196587
1.093425632
1.159798980
0.066867746
0.148818001
0.080057904
0.585413218
0.210117042
0.686721623
0.911338627
1.788189650
0.515287578
0.409451514
0.466682345
0.229255274
0.415482193
0.433149934
0.995472491
0.327647388
0.529275417
0.144602865
0.144602865
1.045417428
0.190652460
0.601280212
0.529275417
1.121940374
1.121940374
0.770559847
0.545907319
1.005970001
0.378541738
0.770559847
0.705701709
0.731164038
0.380912632
1.065461397
1.025513172
0.545907319
0.238956109
1.045417428
0.042176858
1.076175332
0.706772149
0.529275417
0.156772867
0.896178007
0.995472491
0.705701709
0.144602865
0.510131299
0.378541738
0.294360071
0.236437693
0.300705671
0.923415363
0.761987507
0.708329439
0.118039034
0.238956109
0.238956109
0.961395562
1.082713723
0.156772867
0.867058694
0.545907319
0.923415363
0.731543720
0.889300168
0.961395562
0.706772149
0.510131299
0.689678609
0.050496556
0.148655355
0.482236624
1.142153263
0.555905819
1.142153263
0.601280212
0.529275417
0.148655355
0.093867011
0.640426755
1.045417428
1.065461397
0.689678609
0.731543720
0.042176858
0.093867011
0.050496556
0.369249612
0.132531404
0.433149934
0.574827194
1.127901316
0.325017840
0.258261710
0.294360071
0.144602865
0.366861522
0.382461756
0.878980041
0.289305359
0.467338443
0.127681106
0.127681106
0.923080385
0.168341875
0.530917048
0.467338443
0.990648448
0.990648448
0.680387199
0.482024014
0.888249159
0.334243923
0.680387199
0.623118937
0.645601571
0.336337388
0.940778732
0.905505300
0.482024014
0.210992917
0.923080385
0.037241224
0.950238824
0.624064088
0.467338443
0.138426960
0.791305244
0.878980041
0.623118937
0.127681106
0.450434595
0.334243923
0.259913415
0.208769217
0.265516430
0.815355182
0.672818005
0.625439107
0.104225844
0.210992917
0.210992917
0.848890901
0.956012189
0.138426960
0.765593529
0.482024014
0.815355182
0.645936787
0.785232246
0.848890901
0.624064088
0.450434595
0.608970881
0.044587336
0.131259367
0.425804198
1.008495927
0.490852475
1.008495927
0.530917048
0.467338443
0.131259367
0.082882486
0.565482557
0.923080385
0.940778732
0.608970881
0.645936787
0.037241224
0.082882486
0.044587336
0.326039195
0.117022283
0.382461756
0.507559657
0.995911777
0.286983550
0.228039354
0.259913415
0.127681106
0.369671553
0.385391265
0.885712743
0.291521341
0.470918089
0.128659099
0.128659099
0.930150807
0.169631317
0.534983695
0.470918089
0.998236418
0.998236418
0.685598731
0.485716134
0.895052850
0.336804122
0.685598731
0.627891779
0.650546670
0.338913620
0.947984755
0.912441134
0.485716134
0.212609053
0.930150807
0.037526481
0.957517326
0.628844202
0.470918089
0.139487252
0.797366381
0.885712743
0.627891779
0.128659099
0.453884780
0.336804122
0.261904240
0.210368320
0.267550200
0.821600556
0.677971542
0.630229771
0.105024174
0.212609053
0.212609053
0.855393112
0.963334858
0.139487252
0.771457732
0.485716134
0.821600556
0.650884449
0.791246831
0.855393112
0.628844202
0.453884780
0.613635361
0.044928860
0.132264778
0.429065704
1.016220689
0.494612217
1.016220689
0.534983695
0.470918089
0.132264778
0.083517335
0.569813967
0.930150807
0.947984755
0.613635361
0.650884449
0.037526481
0.083517335
0.044928860
0.328536540
0.117918633
0.385391265
0.511447370
1.003540039
0.289181739
0.229786053
0.261904240
0.128659099
0.826935947
0.862100184
1.981293082
0.652117968
1.053419113
0.287803680
0.287803680
2.080698729
0.379456401
1.196730614
1.053419113
2.233002901
2.233002901
1.533648491
1.086521626
2.002186298
0.753413200
1.533648491
1.404561162
1.455238938
0.758132041
2.120592356
2.041083097
1.086521626
0.475595355
2.080698729
0.083944775
2.141916275
1.406691551
1.053419113
0.312025696
1.783666849
1.981293082
1.404561162
0.287803680
1.015316486
0.753413200
0.585866094
0.470582932
0.598495781
1.837877512
1.516587019
1.409791112
0.234933585
0.475595355
0.475595355
1.913469672
2.154929876
0.312025696
1.725710630
1.086521626
1.837877512
1.455994487
1.769977808
1.913469672
1.406691551
1.015316486
1.372670293
0.100503512
0.295869380
0.959797561
2.273232460
1.106421709
2.273232460
1.196730614
1.053419113
0.295869380
0.186823905
1.274644136
2.080698729
2.120592356
1.372670293
1.455994487
0.083944775
0.186823905
0.100503512
0.734919071
0.263777822
0.862100184
1.144080997
2.244866848
0.646884441
0.514019370
0.585866094
0.287803680
7.241486073
7.549419403
17.350202560
5.710603237
9.224802017
2.520299673
2.520299673
18.220699310
3.322903156
10.479781151
9.224802017
19.554426193
19.554426193
13.430174828
9.514679909
17.533164978
6.597646713
13.430174828
12.299755096
12.743540764
6.638969421
18.570047379
17.873785019
9.514679909
4.164793015
18.220699310
0.735105217
18.756780624
12.318411827
9.224802017
2.732412100
15.619587898
17.350202560
12.299755096
2.520299673
8.891136169
6.597646713
5.130434990
4.120899200
5.241033554
16.094310760
13.280766487
12.345553398
2.057315588
4.164793015
4.164793015
16.756271362
18.870740891
2.732412100
15.112064362
9.514679909
16.094310760
12.750158310
15.499712944
16.756271362
12.318411827
8.891136169
12.020486832
0.880110204
2.590930939
8.404956818
19.906719208
9.688945770
19.906719208
10.479781151
9.224802017
2.590930939
1.636018753
11.162070274
18.220699310
18.570047379
12.020486832
12.750158310
0.735105217
1.636018753
0.880110204
6.435693264
2.309904814
7.549419403
10.018728256
19.658319473
5.664772987
4.501272678
5.130434990
2.520299673
1.275030613
1.329249382
3.054903269
1.005483389
1.624239087
0.443756878
0.443756878
3.208174467
0.585073769
1.845207095
1.624239087
3.443007708
3.443007708
2.364691973
1.675278902
3.087118149
1.161667824
2.364691973
2.165655613
2.243794203
1.168943763
3.269685268
3.147091866
1.675278902
0.733307838
3.208174467
0.129432231
3.302563906
2.168940544
1.624239087
0.481104165
2.750188828
3.054903269
2.165655613
0.443756878
1.565489650
1.161667824
0.903331399
0.725579381
0.922804832
2.833774567
2.338385344
2.173719406
0.362237871
0.733307838
0.733307838
2.950328112
3.322629213
0.481104165
2.660827398
1.675278902
2.833774567
2.244959354
2.729081869
2.950328112
2.168940544
1.565489650
2.116483927
0.154963702
0.456193179
1.479886413
3.505037069
1.705962300
3.505037069
1.845207095
1.624239087
0.456193179
0.288058847
1.965339899
3.208174467
3.269685268
2.116483927
2.244959354
0.129432231
0.288058847
0.154963702
1.133152246
0.406712025
1.329249382
1.764028192
3.461300611
0.997413933
0.792552888
0.903331399
0.443756878
2.192081451
2.285296440
5.252106667
1.728665590
2.792454004
0.762923837
0.762923837
5.515616417
1.005881190
3.172350883
2.792454004
5.919351101
5.919351101
4.065469265
2.880203724
5.307491779
1.997183919
4.065469265
3.723278046
3.857617140
2.009692907
5.621367931
5.410601139
2.880203724
1.260730982
5.515616417
0.222524837
5.677894592
3.728925705
2.792454004
0.827132702
4.728230000
5.252106667
3.723278046
0.762923837
2.691449881
1.997183919
1.553042054
1.247443795
1.586521387
4.871933937
4.020241737
3.737141848
0.622773230
1.260730982
1.260730982
5.072317123
5.712391376
0.827132702
4.574596405
2.880203724
4.871933937
3.859620094
4.691942215
5.072317123
3.728925705
2.691449881
3.638740301
0.266419530
0.784304798
2.544277430
6.025993824
2.932955742
6.025993824
3.172350883
2.792454004
0.784304798
0.495241791
3.378887653
5.515616417
5.621367931
3.638740301
3.859620094
0.222524837
0.495241791
0.266419530
1.948158741
0.699234903
2.285296440
3.032784939
5.950800419
1.714792252
1.362587214
1.553042054
0.762923837
0.731380343
0.762481213
1.752347112
0.576763272
0.931692600
0.254546881
0.254546881
1.840266228
0.335608780
1.058443785
0.931692600
1.974970818
1.974970818
1.356429577
0.960969925
1.770826221
0.666353464
1.356429577
1.242258787
1.287080526
0.670527041
1.875549912
1.805228233
0.960969925
0.420638502
1.840266228
0.074244641
1.894409657
1.244143009
0.931692600
0.275969952
1.577557445
1.752347112
1.242258787
0.254546881
0.897992849
0.666353464
0.518167078
0.416205287
0.529337347
1.625503778
1.341339588
1.246884346
0.207786128
0.420638502
0.420638502
1.692360997
1.905919433
0.275969952
1.526298165
0.960969925
1.625503778
1.287748814
1.565450191
1.692360997
1.244143009
0.897992849
1.214053035
0.088889949
0.261680543
0.848889351
2.010551929
0.978570461
2.010551929
1.058443785
0.931692600
0.261680543
0.165235698
1.127354145
1.840266228
1.875549912
1.214053035
1.287748814
0.074244641
0.165235698
0.088889949
0.649996400
0.233297288
0.762481213
1.011878133
1.985463858
0.572134435
0.454622477
0.518167078
0.254546881
1.006522536
1.049323440
2.411572695
0.793739140
1.282191396
0.350306332
0.350306332
2.532566547
0.461863369
1.456625819
1.282191396
2.717946529
2.717946529
1.866712689
1.322482705
2.437003374
0.917032778
1.866712689
1.709591150
1.771274686
0.922776401
2.581123829
2.484347343
1.322482705
0.578880906
2.532566547
0.102175154
2.607078552
1.712184310
1.282191396
0.379788667
2.171027899
2.411572695
1.709591150
0.350306332
1.235813975
0.917032778
0.713099301
0.572779953
0.728471756
2.237011433
1.845945835
1.715956926
0.285954386
0.578880906
0.578880906
2.329020023
2.622918367
0.379788667
2.100485086
1.322482705
2.237011433
1.772194505
2.154365778
2.329020023
1.712184310
1.235813975
1.670774579
0.122329965
0.360123664
1.168237925
2.766912937
1.346704483
2.766912937
1.456625819
1.282191396
0.360123664
0.227396667
1.551459908
2.532566547
2.581123829
1.670774579
1.772194505
0.102175154
0.227396667
0.122329965
0.894522250
0.321062744
1.049323440
1.392542362
2.732386827
0.787369013
0.625649512
0.713099301
0.350306332
1.205199838
1.256449103
2.887592554
0.950415134
1.535282850
0.419453204
0.419453204
3.032469273
0.553030491
1.744148970
1.535282850
3.254441261
3.254441261
2.235182762
1.583527327
2.918042898
1.098045707
2.235182762
2.047047138
2.120906353
1.104923010
3.090611219
2.974732161
1.583527327
0.693146110
3.032469273
0.122343488
3.121689320
2.050152063
1.535282850
0.454755068
2.599566460
2.887592554
2.047047138
0.419453204
1.479750991
1.098045707
0.853857815
0.685840845
0.872264683
2.678574562
2.210316658
2.054669380
0.342398852
0.693146110
0.693146110
2.788744688
3.140655518
0.454755068
2.515099287
1.583527327
2.678574562
2.122007608
2.579615593
2.788744688
2.050152063
1.479750991
2.000568390
0.146476656
0.431208402
1.398836136
3.313073397
1.612530231
3.313073397
1.744148970
1.535282850
0.431208402
0.272282451
1.857702255
3.032469273
3.090611219
2.000568390
2.122007608
0.122343488
0.272282451
0.146476656
1.071091771
0.384437233
1.256449103
1.667415977
3.271732092
0.942787588
0.749146342
0.853857815
0.419453204
1.315151691
1.371076465
3.151031017
1.037122726
1.675348520
0.457720459
0.457720459
3.309125185
0.603484094
1.903269768
1.675348520
3.551347971
3.551347971
2.439101219
1.727994442
3.184259653
1.198221803
2.439101219
2.233801603
2.314399242
1.205726504
3.372571468
3.246120691
1.727994442
0.756382644
3.309125185
0.133505031
3.406484842
2.237190008
1.675348520
0.496242940
2.836728096
3.151031017
2.233801603
0.457720459
1.614750504
1.198221803
0.931756318
0.748410940
0.951842427
2.922944069
2.411966562
2.242119312
0.373636305
0.756382644
0.756382644
3.043165207
3.427181482
0.496242940
2.744554996
1.727994442
2.922944069
2.315600872
2.814957142
3.043165207
2.237190008
1.614750504
2.183082819
0.159839898
0.470548064
1.526453614
3.615329027
1.759643316
3.615329027
1.903269768
1.675348520
0.470548064
0.297123104
2.027182817
3.309125185
3.372571468
2.183082819
2.315600872
0.133505031
0.297123104
0.159839898
1.168808818
0.419509917
1.371076465
1.819536328
3.570216417
1.028799295
0.817491889
0.931756318
0.457720459
0.648241341
0.675806820
1.553150654
0.511200190
0.825783253
0.225611478
0.225611478
1.631075501
0.297458738
0.938126147
0.825783253
1.750467777
1.750467777
1.202238679
0.851732492
1.569529057
0.590606332
1.202238679
1.101046085
1.140772820
0.594305456
1.662348390
1.600020409
0.851732492
0.372822791
1.631075501
0.065804943
1.679064274
1.102716208
0.825783253
0.244599313
1.398229957
1.553150654
1.101046085
0.225611478
0.795914292
0.590606332
0.459264874
0.368893534
0.469165385
1.440726042
1.188863993
1.105145812
0.184166223
0.372822791
0.372822791
1.499983311
1.689265728
0.244599313
1.352797627
0.851732492
1.440726042
1.141365051
1.387498975
1.499983311
1.102716208
0.795914292
1.076046586
0.078785464
0.231934249
0.752392590
1.782004237
0.867332339
1.782004237
0.938126147
0.825783253
0.231934249
0.146452680
0.999203146
1.631075501
1.662348390
1.076046586
1.141365051
0.065804943
0.146452680
0.078785464
0.576108575
0.206777424
0.675806820
0.896853745
1.759768009
0.507097602
0.402943671
0.459264874
0.225611478
0.608217657
0.634081185
1.457256079
0.479637712
0.774797797
0.211681798
0.211681798
1.530369759
0.279093057
0.880204439
0.774797797
1.642390490
1.642390490
1.128010154
0.799144924
1.472623348
0.554141164
1.128010154
1.033065319
1.070339322
0.557611883
1.559711814
1.501232147
0.799144924
0.349803984
1.530369759
0.061742019
1.575395703
1.034632325
0.774797797
0.229497269
1.311900496
1.457256079
1.033065319
0.211681798
0.746773005
0.554141164
0.430908978
0.346117318
0.440198213
1.351772785
1.115461230
1.036912084
0.172795445
0.349803984
0.349803984
1.407371521
1.584967256
0.229497269
1.269273281
0.799144924
1.351772785
1.070895076
1.301832199
1.407371521
1.034632325
0.746773005
1.009609461
0.073921092
0.217614174
0.705938399
1.671979785
0.813781559
1.671979785
0.880204439
0.774797797
0.217614174
0.137410402
0.937510431
1.530369759
1.559711814
1.009609461
1.070895076
0.061742019
0.137410402
0.073921092
0.540538549
0.194010586
0.634081185
0.841480255
1.651116490
0.475788385
0.378065169
0.430908978
0.211681798
0.450597018
0.469757974
1.079605699
0.355338782
0.574007571
0.156824097
0.156824097
1.133771777
0.206765607
0.652097940
0.574007571
1.216762185
1.216762185
0.835684359
0.592045128
1.090990424
0.410534501
0.835684359
0.765344679
0.792958975
0.413105786
1.155509710
1.112185240
0.592045128
0.259151667
1.133771777
0.045741469
1.167129159
0.766505599
0.574007571
0.170022652
0.971919239
1.079605699
0.765344679
0.156824097
0.553245485
0.410534501
0.319238156
0.256420404
0.326120079
1.001458526
0.826387525
0.768194497
0.128015205
0.259151667
0.259151667
1.042648673
1.174220204
0.170022652
0.940338850
0.592045128
1.001458526
0.793370724
0.964460075
1.042648673
0.766505599
0.553245485
0.747967422
0.054764315
0.161219090
0.522993267
1.238683343
0.602888644
1.238683343
0.652097940
0.574007571
0.161219090
0.101800263
0.694552958
1.133771777
1.155509710
0.747967422
0.793370724
0.045741469
0.101800263
0.054764315
0.400457054
0.143732414
0.469757974
0.623409212
1.223226786
0.352486998
0.280088902
0.319238156
0.156824097
0.826251626
0.861386716
1.979653478
0.651578307
1.052547336
0.287565500
0.287565500
2.078976870
0.379142374
1.195740223
1.052547336
2.231154919
2.231154919
1.532379389
1.085622430
2.000529528
0.752789736
1.532379389
1.403398752
1.454034567
0.757504642
2.118837357
2.039393902
1.085622430
0.475201756
2.078976870
0.083875306
2.140143633
1.405527472
1.052547336
0.311767489
1.782190800
1.979653478
1.403398752
0.287565500
1.014476299
0.752789736
0.585381269
0.470193505
0.598000526
1.836356521
1.515331864
1.408624411
0.234739169
0.475201756
0.475201756
1.911886096
2.153146505
0.311767489
1.724282503
1.085622430
1.836356521
1.454789639
1.768513083
1.911886096
1.405527472
1.014476299
1.371534348
0.100420341
0.295624524
0.959003270
2.271351337
1.105506063
2.271351337
1.195740223
1.052547336
0.295624524
0.186669305
1.273589253
2.078976870
2.118837357
1.371534348
1.454789639
0.083875306
0.186669305
0.100420341
0.734310865
0.263559520
0.861386716
1.143134236
2.243009090
0.646349072
0.513593972
0.585381269
0.287565500
6.876661301
7.169080734
16.476102829
5.422904015
8.760057449
2.393327475
2.393327475
17.302743912
3.155496120
9.951811790
8.760057449
18.569278717
18.569278717
12.753564835
9.035332680
16.649847031
6.265258312
12.753564835
11.680095673
12.101523399
6.304499626
17.634492874
16.973306656
9.035332680
3.954971552
17.302743912
0.698070705
17.811817169
11.697812080
8.760057449
2.594753742
14.832675934
16.476102829
11.680095673
2.393327475
8.443202972
6.265258312
4.871964931
3.913289070
4.976991177
15.283482552
12.611683846
11.723587036
1.953668475
3.954971552
3.954971552
15.912094116
17.920036316
2.594753742
14.350721359
9.035332680
15.283482552
12.107807159
14.718840599
15.912094116
11.697812080
8.443202972
11.414896965
0.835770428
2.460400343
7.981516361
18.903821945
9.200818062
18.903821945
9.951811790
8.760057449
2.460400343
1.553596497
10.599727631
17.302743912
17.634492874
11.414896965
12.107807159
0.698070705
1.553596497
0.835770428
6.111464024
2.193532228
7.169080734
9.513986588
18.667936325
5.379382610
4.274499416
4.871964931
2.393327475
1.036933422
1.081027389
2.484435320
0.817721009
1.320931196
0.360890388
0.360890388
2.609084845
0.475817978
1.500635982
1.320931196
2.800065756
2.800065756
1.923113108
1.362439871
2.510634422
0.944739819
1.923113108
1.761244416
1.824791670
0.950656950
2.659109116
2.559408903
1.362439871
0.596371055
2.609084845
0.105262250
2.685848236
1.763915896
1.320931196
0.391263515
2.236622810
2.484435320
1.761244416
0.360890388
1.273152471
0.944739819
0.734644711
0.590085804
0.750481665
2.304599762
1.901718855
1.767802477
0.294594139
0.596371055
0.596371055
2.399388552
2.702166557
0.391263515
2.163948536
1.362439871
2.304599762
1.825739145
2.219457388
2.399388552
1.763915896
1.273152471
1.721255064
0.126026019
0.371004373
1.203534722
2.850511789
1.387393475
2.850511789
1.500635982
1.320931196
0.371004373
0.234267175
1.598335385
2.609084845
2.659109116
1.721255064
1.825739145
0.105262250
0.234267175
0.126026019
0.921549141
0.330763251
1.081027389
1.434616327
2.814942598
0.811158419
0.644552767
0.734644711
0.360890388
0.387716442
0.404203504
0.928947270
0.305751443
0.493905157
0.134939373
0.134939373
0.975554585
0.177911580
0.561097980
0.493905157
1.046963692
1.046963692
0.719065070
0.509425521
0.938743293
0.353244632
0.719065070
0.658541262
0.682301998
0.355457097
0.994259000
0.956980348
0.509425521
0.222987205
0.975554585
0.039358269
1.004256845
0.659540117
0.493905157
0.146296084
0.836288452
0.928947270
0.658541262
0.134939373
0.476040393
0.353244632
0.274688661
0.220637083
0.280610204
0.861705542
0.711065590
0.660993338
0.110150747
0.222987205
0.222987205
0.897147655
1.010358453
0.146296084
0.809115112
0.509425521
0.861705542
0.682656288
0.829870224
0.897147655
0.659540117
0.476040393
0.643588960
0.047121983
0.138721049
0.450009823
1.065825701
0.518755853
1.065825701
0.561097980
0.493905157
0.138721049
0.087594092
0.597628474
0.975554585
0.994259000
0.643588960
0.682656288
0.039358269
0.087594092
0.047121983
0.344573468
0.123674631
0.404203504
0.536412776
1.052526236
0.303297639
0.241002664
0.274688661
0.134939373
5.089170456
5.305579662
12.193372726
4.013296604
6.483004570
1.771215677
1.771215677
12.805139542
2.335269451
7.364978790
6.483004570
13.742456436
13.742456436
9.438455582
6.686725140
12.321954727
4.636693001
9.438455582
8.644020081
8.955903053
4.665733814
13.050654411
12.561334610
6.686725140
2.926932573
12.805139542
0.516617119
13.181887627
8.657131195
6.483004570
1.920284033
10.977130890
12.193372726
8.644020081
1.771215677
6.248511314
4.636693001
3.605566263
2.896084785
3.683292627
11.310756683
9.333455086
8.676205635
1.445840001
2.926932573
2.926932573
11.775969505
13.261976242
1.920284033
10.620453835
6.686725140
11.310756683
8.960554123
10.892885208
11.775969505
8.657131195
6.248511314
8.447755814
0.618523717
1.820854068
5.906833649
13.990040779
6.809195518
13.990040779
7.364978790
6.483004570
1.820854068
1.149760962
7.844478130
12.805139542
13.050654411
8.447755814
8.960554123
0.516617119
1.149760962
0.618523717
4.522875309
1.623354554
5.305579662
7.040959835
13.815470695
3.981088161
3.163403511
3.605566263
1.771215677
0.511171103
0.532907844
1.224737763
0.403107226
0.651171863
0.177906066
0.177906066
1.286185503
0.234561250
0.739759862
0.651171863
1.380332351
1.380332351
0.948026001
0.671634138
1.237653017
0.465722948
0.948026001
0.868230522
0.899556994
0.468639880
1.310845733
1.261697054
0.671634138
0.293989629
1.286185503
0.051890526
1.324027061
0.869547427
0.651171863
0.192878917
1.102575064
1.224737763
0.868230522
0.177906066
0.627618670
0.465722948
0.362153560
0.290891200
0.369960606
1.136085272
0.937479377
0.871463418
0.145224378
0.293989629
0.293989629
1.182812691
1.332071424
0.192878917
1.066749334
0.671634138
1.136085272
0.900024116
1.094113111
1.182812691
0.869547427
0.627618670
0.848517179
0.062126320
0.182891876
0.593299568
1.405200362
0.683935404
1.405200362
0.739759862
0.651171863
0.182891876
0.115485340
0.787922204
1.286185503
1.310845733
0.848517179
0.900024116
0.051890526
0.115485340
0.062126320
0.454290748
0.163054451
0.532907844
0.707214534
1.387666106
0.399872065
0.317741454
0.362153560
0.177906066
1.906334877
1.987398863
4.567473412
1.503327131
2.428446531
0.663473606
0.663473606
4.796633720
0.874760568
2.758822203
2.428446531
5.147739887
5.147739887
3.535518885
2.504757404
4.615638733
1.736842990
3.535518885
3.237933636
3.354761124
1.747721314
4.888599873
4.705307484
2.504757404
1.096389651
4.796633720
0.193517834
4.937757969
3.242845058
2.428446531
0.719312608
4.111886024
4.567473412
3.237933636
0.663473606
2.340608358
1.736842990
1.350596666
1.084834456
1.379711986
4.236857414
3.496186733
3.249990225
0.541592240
1.096389651
1.096389651
4.411120415
4.967758179
0.719312608
3.978279352
2.504757404
4.236857414
3.356503248
4.080328465
4.411120415
3.242845058
2.340608358
3.164415836
0.231690675
0.682067513
2.212620735
5.240481377
2.550633192
5.240481377
2.758822203
2.428446531
0.682067513
0.430685043
2.938436031
4.796633720
4.888599873
3.164415836
3.356503248
0.193517834
0.430685043
0.231690675
1.694208384
0.608086824
1.987398863
2.637449026
5.175089836
1.491262197
1.184968472
1.350596666
0.663473606
1.547738433
1.613553643
3.708296299
1.220539570
1.971636772
0.538669050
0.538669050
3.894349337
0.710211277
2.239866257
1.971636772
4.179409981
4.179409981
2.870460272
2.033593178
3.747401237
1.410129309
2.870460272
2.628853083
2.723704576
1.418961287
3.969016314
3.820202589
2.033593178
0.890150189
3.894349337
0.157115623
4.008927345
2.632840633
1.971636772
0.584004343
3.338408232
3.708296299
2.628853083
0.538669050
1.900321722
1.410129309
1.096539021
0.880768716
1.120177388
3.439871788
2.838526964
2.638641834
0.439714521
0.890150189
0.890150189
3.581354141
4.033284187
0.584004343
3.229933977
2.033593178
3.439871788
2.725118876
3.312787056
3.581354141
2.632840633
1.900321722
2.569164515
0.188107848
0.553765297
1.796409488
4.254705906
2.070839167
4.254705906
2.239866257
1.971636772
0.553765297
0.349669814
2.385693312
3.894349337
3.969016314
2.569164515
2.725118876
0.157115623
0.349669814
0.188107848
1.375514627
0.493700951
1.613553643
2.141324520
4.201614857
1.210744143
0.962066710
1.096539021
0.538669050
0.457140744
0.476579964
1.095284104
0.360499144
0.582343578
0.159101546
0.159101546
1.150236845
0.209768340
0.661567926
0.582343578
1.234432459
1.234432459
0.847820461
0.600643039
1.106834173
0.416496456
0.847820461
0.776459277
0.804474652
0.419105083
1.172290564
1.128336787
0.600643039
0.262915164
1.150236845
0.046405744
1.184078574
0.777637064
0.582343578
0.172491789
0.986033797
1.095284104
0.776459277
0.159101546
0.561279953
0.416496456
0.323874265
0.260144264
0.330856115
1.016002059
0.838388622
0.779350460
0.129874289
0.262915164
0.262915164
1.057790399
1.191272736
0.172491789
0.953994811
0.600643039
1.016002059
0.804892361
0.978466332
1.057790399
0.777637064
0.561279953
0.758829653
0.055559624
0.163560376
0.530588329
1.256671906
0.611644030
1.256671906
0.661567926
0.582343578
0.163560376
0.103278644
0.704639494
1.150236845
1.172290564
0.758829653
0.804892361
0.046405744
0.103278644
0.055559624
0.406272620
0.145819739
0.476579964
0.632462561
1.240990996
0.357605964
0.284156471
0.323874265
0.159101546
0.404594332
0.421799093
0.969385803
0.319061279
0.515405595
0.140813485
0.140813485
1.018021941
0.185656339
0.585523486
0.515405595
1.092539549
1.092539549
0.750367045
0.531601608
0.979608238
0.368621916
0.750367045
0.687208533
0.712003648
0.370930701
1.037540674
0.998639166
0.531601608
0.232694179
1.018021941
0.041071597
1.047973752
0.688250899
0.515405595
0.152664587
0.872693360
0.969385803
0.687208533
0.140813485
0.496763140
0.368621916
0.286646277
0.230241761
0.292825580
0.899216890
0.742019355
0.689767420
0.114945777
0.232694179
0.232694179
0.936201870
1.054340839
0.152664587
0.844337106
0.531601608
0.899216890
0.712373316
0.865995705
0.936201870
0.688250899
0.496763140
0.671605349
0.049173277
0.144759789
0.469599426
1.112222791
0.541338086
1.112222791
0.585523486
0.515405595
0.144759789
0.091407195
0.623644173
1.018021941
1.037540674
0.671605349
0.712373316
0.041071597
0.091407195
0.049173277
0.359573305
0.129058376
0.421799093
0.559763670
1.098344207
0.316500634
0.251493871
0.286646277
0.140813485
0.483782530
0.504354656
1.159116387
0.381508738
0.616282046
0.168373853
0.168373853
1.217271686
0.221993461
0.700123549
0.616282046
1.306374192
1.306374192
0.897230744
0.635648012
1.171339631
0.440769523
0.897230744
0.821710706
0.851358771
0.443530172
1.240610600
1.194095373
0.635648012
0.278237641
1.217271686
0.049110230
1.253085732
0.822957098
0.616282046
0.182544470
1.043499112
1.159116387
0.821710706
0.168373853
0.593990862
0.440769523
0.342749387
0.275305241
0.350138128
1.075213909
0.887249231
0.824770391
0.137443259
0.278237641
0.278237641
1.119437575
1.260699034
0.182544470
1.009592891
0.635648012
1.075213909
0.851800799
1.035490513
1.119437575
0.822957098
0.593990862
0.803053617
0.058797590
0.173092544
0.561510623
1.329909801
0.647290170
1.329909801
0.700123549
0.616282046
0.173092544
0.109297633
0.745705307
1.217271686
1.240610600
0.803053617
0.851800799
0.049110230
0.109297633
0.058797590
0.429949880
0.154318005
0.504354656
0.669321954
1.313314915
0.378446937
0.300716877
0.342749387
0.168373853
0.528965712
0.551459134
1.267372727
0.417139947
0.673840046
0.184099227
0.184099227
1.330959558
0.242726669
0.765511990
0.673840046
1.428383708
1.428383708
0.981028140
0.695014715
1.280737519
0.481935441
0.981028140
0.898454845
0.930871904
0.484953910
1.356478214
1.305618525
0.695014715
0.304223806
1.330959558
0.053696908
1.370118380
0.899817646
0.673840046
0.199593320
1.140957236
1.267372727
0.898454845
0.184099227
0.649466991
0.481935441
0.374760658
0.301017523
0.382839471
1.175634146
0.970114350
0.901800275
0.150279850
0.304223806
0.304223806
1.223988056
1.378442764
0.199593320
1.103884339
0.695014715
1.175634146
0.931355238
1.132200837
1.223988056
0.899817646
0.649466991
0.878055274
0.064289026
0.189258605
0.613953173
1.454117417
0.707744181
1.454117417
0.765511990
0.673840046
0.189258605
0.119505554
0.815350890
1.330959558
1.356478214
0.878055274
0.931355238
0.053696908
0.119505554
0.064289026
0.470105290
0.168730617
0.551459134
0.731833696
1.435972691
0.413792193
0.328802496
0.374760658
0.184099227
0.373262852
0.389135301
0.894317269
0.294353396
0.475492984
0.129908994
0.129908994
0.939187109
0.171279252
0.540180981
0.475492984
1.007934093
1.007934093
0.692259192
0.490434796
0.903748095
0.340076119
0.692259192
0.633991659
0.656866610
0.342206091
0.957194269
0.921305299
0.490434796
0.214674518
0.939187109
0.037891041
0.966819465
0.634953320
0.475492984
0.140842348
0.805112660
0.894317269
0.633991659
0.129908994
0.458294183
0.340076119
0.264448583
0.212412015
0.270149380
0.829582214
0.684557915
0.636352360
0.106044464
0.214674518
0.214674518
0.863703072
0.972693503
0.140842348
0.778952301
0.490434796
0.829582214
0.657207668
0.798933685
0.863703072
0.634953320
0.458294183
0.619596779
0.045365334
0.133549705
0.433234006
1.026093125
0.499417305
1.026093125
0.540180981
0.475492984
0.133549705
0.084328689
0.575349629
0.939187109
0.957194269
0.619596779
0.657207668
0.037891041
0.084328689
0.045365334
0.331728220
0.119064189
0.389135301
0.516415954
1.013289332
0.291991085
0.232018381
0.264448583
0.129908994
3.487942457
3.636261940
8.356918335
2.750575781
4.443228722
1.213930368
1.213930368
8.776203156
1.600513458
5.047703266
4.443228722
9.418607712
9.418607712
6.468793392
4.582851887
8.445044518
3.177830219
6.468793392
5.924314022
6.138068676
3.197733879
8.944470406
8.609107971
4.582851887
2.006018877
8.776203156
0.354071617
9.034412384
5.933300495
4.443228722
1.316096783
7.523348808
8.356918335
5.924314022
1.213930368
4.282515049
3.177830219
2.471131325
1.984877110
2.524402142
7.752004147
6.396829128
5.946373463
0.990929067
2.006018877
2.006018877
8.070845604
9.089303017
1.316096783
7.278894424
4.582851887
7.752004147
6.141255856
7.465609550
8.070845604
5.933300495
4.282515049
5.789801598
0.423914909
1.247950792
4.048341274
9.588293076
4.666788578
9.588293076
5.047703266
4.443228722
1.247950792
0.788006663
5.376335621
8.776203156
8.944470406
5.789801598
6.141255856
0.354071617
0.788006663
0.423914909
3.099823475
1.112591505
3.636261940
4.825632095
9.468648911
2.728501081
2.168088198
2.471131325
1.213930368
0.401000321
0.418052256
0.960774720
0.316227049
0.510827243
0.139562652
0.139562652
1.008978844
0.184007153
0.580322266
0.510827243
1.082834601
1.082834601
0.743701518
0.526879370
0.970906377
0.365347445
0.743701518
0.681104064
0.705678940
0.367635727
1.028324127
0.989768267
0.526879370
0.230627149
1.008978844
0.040706757
1.038664579
0.682137191
0.510827243
0.151308462
0.864941239
0.960774720
0.681104064
0.139562652
0.492350399
0.365347445
0.284099996
0.228196517
0.290224403
0.891229153
0.735427976
0.683640182
0.113924719
0.230627149
0.230627149
0.927885592
1.044975162
0.151308462
0.836836874
0.526879370
0.891229153
0.706045330
0.858303070
0.927885592
0.682137191
0.492350399
0.665639520
0.048736472
0.143473893
0.465427995
1.102342844
0.536529422
1.102342844
0.580322266
0.510827243
0.143473893
0.090595223
0.618104339
1.008978844
1.028324127
0.665639520
0.706045330
0.040706757
0.090595223
0.048736472
0.356379211
0.127911955
0.418052256
0.554791272
1.088587642
0.313689172
0.249259859
0.284099996
0.139562652
24.377155304
25.413757324
58.406326294
19.223714828
31.053630829
8.484133720
8.484133720
61.336696625
11.185954094
35.278293610
31.053630829
65.826446533
65.826446533
45.210258484
32.029453278
59.022239685
22.209787369
45.210258484
41.404907227
42.898830414
22.348894119
62.512714386
60.168869019
32.029453278
14.020024300
61.336696625
2.474598885
63.141319275
41.467708588
31.053630829
9.198172569
52.580524445
58.406326294
41.404907227
8.484133720
29.930406570
22.209787369
17.270683289
13.872263908
17.642993927
54.178592682
44.707305908
41.559078217
6.925581932
14.020024300
14.020024300
56.406967163
63.524944305
9.198172569
50.872035980
32.029453278
54.178592682
42.921104431
52.176986694
56.406967163
41.467708588
29.930406570
40.464801788
2.962732077
8.721901894
28.293769836
67.012374878
32.616085052
67.012374878
35.278293610
31.053630829
8.721901894
5.507361889
37.575096130
61.336696625
62.512714386
40.464801788
42.921104431
2.474598885
5.507361889
2.962732077
21.664600372
7.775877953
25.413757324
33.726242065
66.176185608
19.069435120
15.152722359
17.270683289
8.484133720
0.362883896
0.378315002
0.869449914
0.286168605
0.462271422
0.126296744
0.126296744
0.913072050
0.166516662
0.525160670
0.462271422
0.979907513
0.979907513
0.673010230
0.476797760
0.878618479
0.330619961
0.673010230
0.616362870
0.638601780
0.332690716
0.930578530
0.895687521
0.476797760
0.208705276
0.913072050
0.036837444
0.939936042
0.617297769
0.462271422
0.136926085
0.782725692
0.869449914
0.616362870
0.126296744
0.445550859
0.330619961
0.257095337
0.206505686
0.262637615
0.806514859
0.665523112
0.618657947
0.103095792
0.208705276
0.208705276
0.839686930
0.945646822
0.136926085
0.757292747
0.476797760
0.806514859
0.638933361
0.776718497
0.839686930
0.617297769
0.445550859
0.602368236
0.044103906
0.129836217
0.421187490
0.997561514
0.485530496
0.997561514
0.525160670
0.462271422
0.129836217
0.081983849
0.559351444
0.913072050
0.930578530
0.602368236
0.638933361
0.036837444
0.081983849
0.044103906
0.322504163
0.115753494
0.378315002
0.502056479
0.985113800
0.283871979
0.225566879
0.257095337
0.126296744
0.508689642
0.530320942
1.218792439
0.401150376
0.648010790
0.177042440
0.177042440
1.279941916
0.233422607
0.736168802
0.648010790
1.373631716
1.373631716
0.943423927
0.668373764
1.231644988
0.463462144
0.943423927
0.864015758
0.895190239
0.466364950
1.304482460
1.255572319
0.668373764
0.292562485
1.279941916
0.051638629
1.317599773
0.865326345
0.648010790
0.191942617
1.097222686
1.218792439
0.864015758
0.177042440
0.624571979
0.463462144
0.360395551
0.289479107
0.368164688
1.130570292
0.932928503
0.867232978
0.144519404
0.292562485
0.292562485
1.177070856
1.325605154
0.191942617
1.061570883
0.668373764
1.130570292
0.895655036
1.088801861
1.177070856
0.865326345
0.624571979
0.844398141
0.061824735
0.182004064
0.590419471
1.398379087
0.680615306
1.398379087
0.736168802
0.648010790
0.182004064
0.114924729
0.784097314
1.279941916
1.304482460
0.844398141
0.895655036
0.051638629
0.114924729
0.061824735
0.452085465
0.162262931
0.530320942
0.703781426
1.380929828
0.397930950
0.316199034
0.360395551
0.177042440
2.517341614
2.624387741
6.031412125
1.985164285
3.206797123
0.876126111
0.876126111
6.334021091
1.155133367
3.643062830
3.206797123
6.797661304
6.797661304
4.668701649
3.307566881
6.095015049
2.293525219
4.668701649
4.275736332
4.430008411
2.307890177
6.455463886
6.213423729
3.307566881
1.447797656
6.334021091
0.255542964
6.520377636
4.282221794
3.206797123
0.949862301
5.429802418
6.031412125
4.275736332
0.876126111
3.090805769
2.293525219
1.783481598
1.432538986
1.821928740
5.594829082
4.616763115
4.291656971
0.715180039
1.447797656
1.447797656
5.824945450
6.559993267
0.949862301
5.253373146
3.307566881
5.594829082
4.432308674
5.388130665
5.824945450
4.282221794
3.090805769
4.178655148
0.305950731
0.900679529
2.921796083
6.920128345
3.368146420
6.920128345
3.643062830
3.206797123
0.900679529
0.568725526
3.880245447
6.334021091
6.455463886
4.178655148
4.432308674
0.255542964
0.568725526
0.305950731
2.237225533
0.802987039
2.624387741
3.482788086
6.833777428
1.969232321
1.564767361
1.783481598
0.876126111
1.324442863
1.380762815
3.173292398
1.044449687
1.687184453
0.460954130
0.460954130
3.332503319
0.607747555
1.916715860
1.687184453
3.576437473
3.576437473
2.456332684
1.740202308
3.206755638
1.206686854
2.456332684
2.249583006
2.330749750
1.214244723
3.396397829
3.269053698
1.740202308
0.761726320
3.332503319
0.134448215
3.430550814
2.252995014
1.687184453
0.499748766
2.856768847
3.173292398
2.249583006
0.460954130
1.626158237
1.206686854
0.938338935
0.753698289
0.958566964
2.943593979
2.429006577
2.257959366
0.376275957
0.761726320
0.761726320
3.064664602
3.451393604
0.499748766
2.763944626
1.740202308
2.943593979
2.331959963
2.834844112
3.064664602
2.252995014
1.626158237
2.198505640
0.160969123
0.473872364
1.537237644
3.640870571
1.772074819
3.640870571
1.916715860
1.687184453
0.473872364
0.299222201
2.041504383
3.332503319
3.396397829
2.198505640
2.331959963
0.134448215
0.299222201
0.160969123
1.177066207
0.422473669
1.380762815
1.832390904
3.595438957
1.036067486
0.823267281
0.938338935
0.460954130
0.676230609
0.704986274
1.620211363
0.533272386
0.861438274
0.235352755
0.235352755
1.701500773
0.310302168
0.978631794
0.861438274
1.826048017
1.826048017
1.254148006
0.888507962
1.637296915
0.616107047
1.254148006
1.148586154
1.190028191
0.619965911
1.734123945
1.669104934
0.888507962
0.388920248
1.701500773
0.068646215
1.751561642
1.150328398
0.861438274
0.255160421
1.458601594
1.620211363
1.148586154
0.235352755
0.830279648
0.616107047
0.479094654
0.384821326
0.489422619
1.502932549
1.240195870
1.152863026
0.192118004
0.388920248
0.388920248
1.564748406
1.762203574
0.255160421
1.411207557
0.888507962
1.502932549
1.190646052
1.447407365
1.564748406
1.150328398
0.830279648
1.122507334
0.082187198
0.241948530
0.784878790
1.858946204
0.904781342
1.858946204
0.978631794
0.861438274
0.241948530
0.152776092
1.042346001
1.701500773
1.734123945
1.122507334
1.190646052
0.068646215
0.152776092
0.082187198
0.600983381
0.215705499
0.704986274
0.935577393
1.835749865
0.528992653
0.420341671
0.479094654
0.235352755
0.369468451
0.385179520
0.885226071
0.291361153
0.470659345
0.128588408
0.128588408
0.929639757
0.169538110
0.534689784
0.470659345
0.997687995
0.997687995
0.685222030
0.485449255
0.894561052
0.336619079
0.685222030
0.627546787
0.650189221
0.338727415
0.947463930
0.911939800
0.485449255
0.212492242
0.929639757
0.037505861
0.956991255
0.628498673
0.470659345
0.139410615
0.796928287
0.885226071
0.627546787
0.128588408
0.453635395
0.336619079
0.261760354
0.210252732
0.267403185
0.821149111
0.677599072
0.629883528
0.104966469
0.212492242
0.212492242
0.854923129
0.962805629
0.139410615
0.771033823
0.485449255
0.821149111
0.650526822
0.790812135
0.854923129
0.628498673
0.453635395
0.613298237
0.044904172
0.132192105
0.428829968
1.015662313
0.494340479
1.015662313
0.534689784
0.470659345
0.132192105
0.083471447
0.569500923
0.929639757
0.947463930
0.613298237
0.650526822
0.037505861
0.083471447
0.044904172
0.328356028
0.117853843
0.385179520
0.511166334
1.002988696
0.289022833
0.229659796
0.261760354
0.128588408
0.407656968
0.424991965
0.976723671
0.321476430
0.519307017
0.141879395
0.141879395
1.025727987
0.187061697
0.589955628
0.519307017
1.100809693
1.100809693
0.756047070
0.535625637
0.987023473
0.371412247
0.756047070
0.692410469
0.717393219
0.373738497
1.045394421
1.006198525
0.535625637
0.234455585
1.025727987
0.041382492
1.055906534
0.693460703
0.519307017
0.153820202
0.879299343
0.976723671
0.692410469
0.141879395
0.500523448
0.371412247
0.288816065
0.231984600
0.295042157
0.906023681
0.747636139
0.694988668
0.115815878
0.234455585
0.234455585
0.943288565
1.062321901
0.153820202
0.850728452
0.535625637
0.906023681
0.717765749
0.872550964
0.943288565
0.693460703
0.500523448
0.676689148
0.049545500
0.145855576
0.473154128
1.120641828
0.545435846
1.120641828
0.589955628
0.519307017
0.145855576
0.092099115
0.628364921
1.025727987
1.045394421
0.676689148
0.717765749
0.041382492
0.092099115
0.049545500
0.362295121
0.130035296
0.424991965
0.564000845
1.106658340
0.318896443
0.253397584
0.288816065
0.141879395
0.851550400
0.887761235
2.040267944
0.671528816
1.084774971
0.296370387
0.296370387
2.142632484
0.390751213
1.232352257
1.084774971
2.299469948
2.299469948
1.579298854
1.118862748
2.061783075
0.775839150
1.579298854
1.446369052
1.498555303
0.780698478
2.183713436
2.101837635
1.118862748
0.489751816
2.142632484
0.086443461
2.205672026
1.448562860
1.084774971
0.321313411
1.836759210
2.040267944
1.446369052
0.296370387
1.045538187
0.775839150
0.603304863
0.484590203
0.616310477
1.892583370
1.561729431
1.451754570
0.241926581
0.489751816
0.489751816
1.970425606
2.219073057
0.321313411
1.777077794
1.118862748
1.892583370
1.499333382
1.822662711
1.970425606
1.448562860
1.045538187
1.413528919
0.103495076
0.304676175
0.988366723
2.340897083
1.139355183
2.340897083
1.232352257
1.084774971
0.304676175
0.192384869
1.312584877
2.142632484
2.183713436
1.413528919
1.499333382
0.086443461
0.192384869
0.103495076
0.756794512
0.271629393
0.887761235
1.178135514
2.311686993
0.666139424
0.529319584
0.603304863
0.296370387
4.206527710
4.385403633
10.078608513
3.317248583
5.358621120
1.464024067
1.464024067
10.584274292
1.930250764
6.087629795
5.358621120
11.359026909
11.359026909
7.801492691
5.527009487
10.184890747
3.832525969
7.801492691
7.144839764
7.402631760
3.856529951
10.787207603
10.382753372
5.527009487
2.419298410
10.584274292
0.427017361
10.895680428
7.155677319
5.358621120
1.587238669
9.073307037
10.078608513
7.144839764
1.464024067
5.164797783
3.832525969
2.980233192
2.393800974
3.044478893
9.349069595
7.714702129
7.171443939
1.195079923
2.419298410
2.419298410
9.733598709
10.961878777
1.587238669
8.778490067
5.527009487
9.349069595
7.406475544
9.003672600
9.733598709
7.155677319
5.164797783
6.982614994
0.511249721
1.505053282
4.882379055
11.563671112
5.628239155
11.563671112
6.087629795
5.358621120
1.505053282
0.950351596
6.483966827
10.584274292
10.787207603
6.982614994
7.406475544
0.427017361
0.950351596
0.511249721
3.738448143
1.341807246
4.385403633
5.819807529
11.419377327
3.290626049
2.614757061
2.980233192
1.464024067
1.570465207
1.637246847
3.762748241
1.238461733
2.000587940
0.546578825
0.546578825
3.951533318
0.720639944
2.272756100
2.000587940
4.240779400
4.240779400
2.912609577
2.063454151
3.802427530
1.430835366
2.912609577
2.667454958
2.763699055
1.439797044
4.027296543
3.876297712
2.063454151
0.903221011
3.951533318
0.159422681
4.067793846
2.671500921
2.000587940
0.592579782
3.387428999
3.762748241
2.667454958
0.546578825
1.928225756
1.430835366
1.112640381
0.893701732
1.136625886
3.490382195
2.880207300
2.677387238
0.446171224
0.903221011
0.903221011
3.633942127
4.092508316
0.592579782
3.277361870
2.063454151
3.490382195
2.765134096
3.361431599
3.633942127
2.671500921
1.928225756
2.606889725
0.190870002
0.561896682
1.822787642
4.317181587
2.101247072
4.317181587
2.272756100
2.000587940
0.561896682
0.354804307
2.420724630
3.951533318
4.027296543
2.606889725
2.765134096
0.159422681
0.354804307
0.190870002
1.395712376
0.500950396
1.637246847
2.172767162
4.263310909
1.228522539
0.976193547
1.112640381
0.546578825
2.317773581
2.416333437
5.553258419
1.827785850
2.952570915
0.806669235
0.806669235
5.831877232
1.063557625
3.354250669
2.952570915
6.258761406
6.258761406
4.298579693
3.045351982
5.611818790
2.111700773
4.298579693
3.936767578
4.078809738
2.124926805
5.943692684
5.720840454
3.045351982
1.333020210
5.831877232
0.235284224
6.003459930
3.942739010
2.952570915
0.874559820
4.999342442
5.553258419
3.936767578
0.806669235
2.845775127
2.111700773
1.642092109
1.318971157
1.677491188
5.151286125
4.250758648
3.951426268
0.658482552
1.333020210
1.333020210
5.363159657
6.039935112
0.874559820
4.836899757
3.045351982
5.151286125
4.080927372
4.960974216
5.363159657
3.942739010
2.845775127
3.847382545
0.281695813
0.829276145
2.690164089
6.371519566
3.101128817
6.371519566
3.354250669
2.952570915
0.829276145
0.523638546
3.572630405
5.831877232
5.943692684
3.847382545
4.080927372
0.235284224
0.523638546
0.281695813
2.059864521
0.739328444
2.416333437
3.206682205
6.292014599
1.813117027
1.440716863
1.642092109
0.806669235
2.616582632
2.727849007
6.269188404
2.063425303
3.333218575
0.910665631
0.910665631
6.583726883
1.200672269
3.786683321
3.333218575
7.065645695
7.065645695
4.852755547
3.437961102
6.335299015
2.383942842
4.852755547
4.444298744
4.604652882
2.398874044
6.709957600
6.458375454
3.437961102
1.504874110
6.583726883
0.265617251
6.777430534
4.451039791
3.333218575
0.987308681
5.643861294
6.269188404
4.444298744
0.910665631
3.212654591
2.383942842
1.853791833
1.489013910
1.893754601
5.815393925
4.798769951
4.460847378
0.743374586
1.504874110
1.504874110
6.054582119
6.818607807
0.987308681
5.460476875
3.437961102
5.815393925
4.607043743
5.600546837
6.054582119
4.451039791
3.212654591
4.343389988
0.318012238
0.936187029
3.036982059
7.192940235
3.500928879
7.192940235
3.786683321
3.333218575
0.936187029
0.591146410
4.033216476
6.583726883
6.709957600
4.343389988
4.607043743
0.265617251
0.591146410
0.318012238
2.325423717
0.834643245
2.727849007
3.620090008
7.103185654
2.046865463
1.626455188
1.853791833
0.910665631
0.492228419
0.513159692
1.179352164
0.388169110
0.627041101
0.171313331
0.171313331
1.238522887
0.225869030
0.712346315
0.627041101
1.329180837
1.329180837
0.912894607
0.646745145
1.191788793
0.448464453
0.912894607
0.836056113
0.866221786
0.451273322
1.262269258
1.214941859
0.646745145
0.283095121
1.238522887
0.049967598
1.274962068
0.837324262
0.627041101
0.185731336
1.061716437
1.179352164
0.836056113
0.171313331
0.604360759
0.448464453
0.348733097
0.280111521
0.356250852
1.093984962
0.902738810
0.839169204
0.139842734
0.283095121
0.283095121
1.138980746
1.282708406
0.185731336
1.027218342
0.646745145
1.093984962
0.866671562
1.053568125
1.138980746
0.837324262
0.604360759
0.817073345
0.059824079
0.176114380
0.571313441
1.353127360
0.658590555
1.353127360
0.712346315
0.627041101
0.176114380
0.111205757
0.758723855
1.238522887
1.262269258
0.817073345
0.866671562
0.049967598
0.111205757
0.059824079
0.437455922
0.157012090
0.513159692
0.681006968
1.336242795
0.385053873
0.305966794
0.348733097
0.171313331
0.673677683
0.702324748
1.614094615
0.531259179
0.858186126
0.234464243
0.234464243
1.695077181
0.309130698
0.974937201
0.858186126
1.819154263
1.819154263
1.249413252
0.885153592
1.631115675
0.613781095
1.249413252
1.144249916
1.185535550
0.617625356
1.727577209
1.662803650
0.885153592
0.387451947
1.695077181
0.068387061
1.744949102
1.145985603
0.858186126
0.254197121
1.453095078
1.614094615
1.144249916
0.234464243
0.827145159
0.613781095
0.477285951
0.383368522
0.487574935
1.497258663
1.235513806
1.148510575
0.191392705
0.387451947
0.387451947
1.558841109
1.755550742
0.254197121
1.405879974
0.885153592
1.497258663
1.186151028
1.441943049
1.558841109
1.145985603
0.827145159
1.118269563
0.081876919
0.241035104
0.781915665
1.851928115
0.901365519
1.851928115
0.974937201
0.858186126
0.241035104
0.152199328
1.038410783
1.695077181
1.727577209
1.118269563
1.186151028
0.068387061
0.152199328
0.081876919
0.598714530
0.214891151
0.702324748
0.932045341
1.828819513
0.526995540
0.418754756
0.477285951
0.234464243
1.041784048
1.086084366
2.496057272
0.821546197
1.327110410
0.362578601
0.362578601
2.621289968
0.478043824
1.507655859
1.327110410
2.813164234
2.813164234
1.932109237
1.368813276
2.522378922
0.949159205
1.932109237
1.769483328
1.833327770
0.955104053
2.671548128
2.571381569
1.368813276
0.599160850
2.621289968
0.105754659
2.698412418
1.772167325
1.327110410
0.393093795
2.247085333
2.496057272
1.769483328
0.362578601
1.279108167
0.949159205
0.738081276
0.592846155
0.753992319
2.315380573
1.910614848
1.776072025
0.295972228
0.599160850
0.599160850
2.410612583
2.714807034
0.393093795
2.174071312
1.368813276
2.315380573
1.834279776
2.229839802
2.410612583
1.772167325
1.279108167
1.729306817
0.126615554
0.372739881
1.209164739
2.863846302
1.393883586
2.863846302
1.507655859
1.327110410
0.372739881
0.235363051
1.605812192
2.621289968
2.671548128
1.729306817
1.834279776
0.105754659
0.235363051
0.126615554
0.925860047
0.332310528
1.086084366
1.441327214
2.828110695
0.814952910
0.647567928
0.738081276
0.362578601
0.599387348
0.624875426
1.436099172
0.472674191
0.763549030
0.208608523
0.208608523
1.508151412
0.275041103
0.867425323
0.763549030
1.618545771
1.618545771
1.111633301
0.787542641
1.451243281
0.546095967
1.111633301
1.018067002
1.054799676
0.549516261
1.537067413
1.479436755
0.787542641
0.344725400
1.508151412
0.060845628
1.552523494
1.019611239
0.763549030
0.226165354
1.292853951
1.436099172
1.018067002
0.208608523
0.735931098
0.546095967
0.424652874
0.341092288
0.433807254
1.332147360
1.099266529
1.021857738
0.170286730
0.344725400
0.344725400
1.386938810
1.561956167
0.226165354
1.250845551
0.787542641
1.332147360
1.055347443
1.282931685
1.386938810
1.019611239
0.735931098
0.994951606
0.072847880
0.214454785
0.695689380
1.647705436
0.801966786
1.647705436
0.867425323
0.763549030
0.214454785
0.135415435
0.923899293
1.508151412
1.537067413
0.994951606
1.055347443
0.060845628
0.135415435
0.072847880
0.532690823
0.191193879
0.624875426
0.829263389
1.627145052
0.468880743
0.372576267
0.424652874
0.208608523
1.014671683
1.057819009
2.431097507
0.800165474
1.292572379
0.353142500
0.353142500
2.553070784
0.465602726
1.468419194
1.292572379
2.739951849
2.739951849
1.881826162
1.333189964
2.456734180
0.924457371
1.881826162
1.723432541
1.785615563
0.930247486
2.602021217
2.504461288
1.333189964
0.583567679
2.553070784
0.103002392
2.628186226
1.726046681
1.292572379
0.382863551
2.188605070
2.431097507
1.723432541
0.353142500
1.245819449
0.924457371
0.718872786
0.577417374
0.734369695
2.255122900
1.860891104
1.729849815
0.288269550
0.583567679
0.583567679
2.347876310
2.644154310
0.382863551
2.117491245
1.333189964
2.255122900
1.786542654
2.171808243
2.347876310
1.726046681
1.245819449
1.684301734
0.123320386
0.363039345
1.177696228
2.789314747
1.357607841
2.789314747
1.468419194
1.292572379
0.363039345
0.229237735
1.564020991
2.553070784
2.602021217
1.684301734
1.786542654
0.103002392
0.229237735
0.123320386
0.901764572
0.323662162
1.057819009
1.403816819
2.754509211
0.793743789
0.630714953
0.718872786
0.353142500
0.378002077
0.394076049
0.905672193
0.298090726
0.481530190
0.131558418
0.131558418
0.951111734
0.173453942
0.547039509
0.481530190
1.020731688
1.020731688
0.701048672
0.496661723
0.915222764
0.344393969
0.701048672
0.642041266
0.665206671
0.346551001
0.969347537
0.933002889
0.496661723
0.217400178
0.951111734
0.038372137
0.979094923
0.643015146
0.481530190
0.142630592
0.815334976
0.905672193
0.642041266
0.131558418
0.464113027
0.344393969
0.267806232
0.215108961
0.273579419
0.840115249
0.693249583
0.644431949
0.107390888
0.217400178
0.217400178
0.874669313
0.985043585
0.142630592
0.788842440
0.496661723
0.840115249
0.665552080
0.809077561
0.874669313
0.643015146
0.464113027
0.627463639
0.045941327
0.135245353
0.438734680
1.039121151
0.505758286
1.039121151
0.547039509
0.481530190
0.135245353
0.085399389
0.582654715
0.951111734
0.969347537
0.627463639
0.665552080
0.038372137
0.085399389
0.045941327
0.335940093
0.120575920
0.394076049
0.522972763
1.026154757
0.295698404
0.234964266
0.267806232
0.131558418
1.088958502
1.135264754
2.609084606
0.858747721
1.387205005
0.378996998
0.378996998
2.739988089
0.499690741
1.575925946
1.387205005
2.940550804
2.940550804
2.019599676
1.430796266
2.636598110
0.992139339
2.019599676
1.849609613
1.916345119
0.998353362
2.792522192
2.687819719
1.430796266
0.626292229
2.739988089
0.110543475
2.820602655
1.852415204
1.387205005
0.410894006
2.348838568
2.609084606
1.849609613
0.378996998
1.337029219
0.992139339
0.771503329
0.619691610
0.788134873
2.420226336
1.997131944
1.856496692
0.309374511
0.626292229
0.626292229
2.519770622
2.837739706
0.410894006
2.272518396
1.430796266
2.420226336
1.917340159
2.330812216
2.519770622
1.852415204
1.337029219
1.807613969
0.132348999
0.389618397
1.263918519
2.993527889
1.457001925
2.993527889
1.575925946
1.387205005
0.389618397
0.246020839
1.678527117
2.739988089
2.792522192
1.807613969
1.917340159
0.110543475
0.246020839
0.132348999
0.967785120
0.347358316
1.135264754
1.506593943
2.956174135
0.851855874
0.676891327
0.771503329
0.378996998
0.649391174
0.677005529
1.555905581
0.512106955
0.827247977
0.226011664
0.226011664
1.633968711
0.297986358
0.939790130
0.827247977
1.753572702
1.753572702
1.204371095
0.853243291
1.572313070
0.591653943
1.204371095
1.102999091
1.142796278
0.595359623
1.665297031
1.602858543
0.853243291
0.373484075
1.633968711
0.065921664
1.682042599
1.104672074
0.827247977
0.245033175
1.400710106
1.555905581
1.102999091
0.226011664
0.797326028
0.591653943
0.460079491
0.369547844
0.469997555
1.443281531
1.190972686
1.107106090
0.184492886
0.373484075
0.373484075
1.502643943
1.692262173
0.245033175
1.355197072
0.853243291
1.443281531
1.143389583
1.389960051
1.502643943
1.104672074
0.797326028
1.077955246
0.078925207
0.232345641
0.753727138
1.785165071
0.868870795
1.785165071
0.939790130
0.827247977
0.232345641
0.146712452
1.000975490
1.633968711
1.665297031
1.077955246
1.143389583
0.065921664
0.146712452
0.078925207
0.577130497
0.207144201
0.677005529
0.898444533
1.762889385
0.507997036
0.403658390
0.460079491
0.226011664
1.078562498
1.124426842
2.584176540
0.850549579
1.373961806
0.375378847
0.375378847
2.713830233
0.494920373
1.560881138
1.373961806
2.912478447
2.912478447
2.000319242
1.417137027
2.611427546
0.982667744
2.000319242
1.831952095
1.898050427
0.988822460
2.765862942
2.662159920
1.417137027
0.620313227
2.713830233
0.109488152
2.793675423
1.834730744
1.373961806
0.406971335
2.326415062
2.584176540
1.831952095
0.375378847
1.324265003
0.982667744
0.764138043
0.613775611
0.780610800
2.397121429
1.978065968
1.838773370
0.306421041
0.620313227
0.620313227
2.495715380
2.810648918
0.406971335
2.250823498
1.417137027
2.397121429
1.899036050
2.308560610
2.495715380
1.834730744
1.324265003
1.790357232
0.131085515
0.385898858
1.251852393
2.964949608
1.443092465
2.964949608
1.560881138
1.373961806
0.385898858
0.243672162
1.662502885
2.713830233
2.765862942
1.790357232
1.899036050
0.109488152
0.243672162
0.131085515
0.958546042
0.344042212
1.124426842
1.492210984
2.927952528
0.843723476
0.670429230
0.764138043
0.375378847
0.421168536
0.439078063
1.009096622
0.332131594
0.536519170
0.146581903
0.146581903
1.059725165
0.193261743
0.609509408
0.536519170
1.137295365
1.137295365
0.781105816
0.553378642
1.019737840
0.383722514
0.781105816
0.715360045
0.741170824
0.386125863
1.080043435
1.039548397
0.553378642
0.242226481
1.059725165
0.042754091
1.090903997
0.716445088
0.536519170
0.158918485
0.908443213
1.009096622
0.715360045
0.146581903
0.517113030
0.383722514
0.298388720
0.239673600
0.304821163
0.936053276
0.772416174
0.718023717
0.119654529
0.242226481
0.242226481
0.974553347
1.097531915
0.158918485
0.878925323
0.553378642
0.936053276
0.741555691
0.901471198
0.974553347
0.716445088
0.517113030
0.699117661
0.051187657
0.150689870
0.488836557
1.157784939
0.563513994
1.157784939
0.609509408
0.536519170
0.150689870
0.095151685
0.649191678
1.059725165
1.080043435
0.699117661
0.741555691
0.042754091
0.095151685
0.051187657
0.374303192
0.134345248
0.439078063
0.582694352
1.143337846
0.329466075
0.261796325
0.298388720
0.146581903
1.011979938
1.055012822
2.424648285
0.798042774
1.289143443
0.352205694
0.352205694
2.546298027
0.464367568
1.464523673
1.289143443
2.732683182
2.732683182
1.876833916
1.329653144
2.450216770
0.922004938
1.876833916
1.718860626
1.780878544
0.927779734
2.595118523
2.497817516
1.329653144
0.582019567
2.546298027
0.102729149
2.621214151
1.721467853
1.289143443
0.381847888
2.182799101
2.424648285
1.718860626
0.352205694
1.242514491
0.922004938
0.716965735
0.575885534
0.732421577
2.249140501
1.855954528
1.725260854
0.287504822
0.582019567
0.582019567
2.341647863
2.637139797
0.381847888
2.111873865
1.329653144
2.249140501
1.781803250
2.166046858
2.341647863
1.721467853
1.242514491
1.679833531
0.122993238
0.362076253
1.174571991
2.781915188
1.354006290
2.781915188
1.464523673
1.289143443
0.362076253
0.228629604
1.559871912
2.546298027
2.595118523
1.679833531
1.781803250
0.102729149
0.228629604
0.122993238
0.899372339
0.322803527
1.055012822
1.400092721
2.747201920
0.791638136
0.629041791
0.716965735
0.352205694
0.579434991
0.604074597
1.388294458
0.456939846
0.738132060
0.201664388
0.201664388
1.457948208
0.265885562
0.838550568
0.738132060
1.564667702
1.564667702
1.074629307
0.761326969
1.402934432
0.527917564
1.074629307
0.984177649
1.019687653
0.531224012
1.485901594
1.430189371
0.761326969
0.333250225
1.457948208
0.058820203
1.500843287
0.985670447
0.738132060
0.218636781
1.249817491
1.388294458
0.984177649
0.201664388
0.711433470
0.527917564
0.410517067
0.329738021
0.419366717
1.287802935
1.062674284
0.987842262
0.164618254
0.333250225
0.333250225
1.340770483
1.509961843
0.218636781
1.209207416
0.761326969
1.287802935
1.020217061
1.240225554
1.340770483
0.985670447
0.711433470
0.961831748
0.070422933
0.207316026
0.672531307
1.592856765
0.775270998
1.592856765
0.838550568
0.738132060
0.207316026
0.130907744
0.893144608
1.457948208
1.485901594
0.961831748
1.020217061
0.058820203
0.130907744
0.070422933
0.514958680
0.184829429
0.604074597
0.801658928
1.572980762
0.453272671
0.360174000
0.410517067
0.201664388
0.658100903
0.686085641
1.576773524
0.518975377
0.838343143
0.229042962
0.229042962
1.655883670
0.301982999
0.952394724
0.838343143
1.777091742
1.777091742
1.220524311
0.864687085
1.593401074
0.599589229
1.220524311
1.117792606
1.158123493
0.603344619
1.687632203
1.624356270
0.864687085
0.378493309
1.655883670
0.066805817
1.704602361
1.119488120
0.838343143
0.248319581
1.419496536
1.576773524
1.117792606
0.229042962
0.808019876
0.599589229
0.466250122
0.374504268
0.476301223
1.462638974
1.206946254
1.121954799
0.186967328
0.378493309
0.378493309
1.522797585
1.714958906
0.248319581
1.373373151
0.864687085
1.462638974
1.158724904
1.408602357
1.522797585
1.119488120
0.808019876
1.092412949
0.079983763
0.235461891
0.763836205
1.809107900
0.880524158
1.809107900
0.952394724
0.838343143
0.235461891
0.148680165
1.014400721
1.655883670
1.687632203
1.092412949
1.158724904
0.066805817
0.148680165
0.079983763
0.584871054
0.209922448
0.686085641
0.910494566
1.786533475
0.514810383
0.409072310
0.466250122
0.229042962
0.410455078
0.427909046
0.983427763
0.323683023
0.522871494
0.142853245
0.142853245
1.032768488
0.188345656
0.594005048
0.522871494
1.108365536
1.108365536
0.761236429
0.539302111
0.993798316
0.373961568
0.761236429
0.697163105
0.722317338
0.376303792
1.052569866
1.013104916
0.539302111
0.236064851
1.032768488
0.041666538
1.063154101
0.698220551
0.522871494
0.154875994
0.885334730
0.983427763
0.697163105
0.142853245
0.503959000
0.373961568
0.290798455
0.233576909
0.297067285
0.912242472
0.752767861
0.699759007
0.116610825
0.236064851
0.236064851
0.949763179
1.069613457
0.154875994
0.856567740
0.539302111
0.912242472
0.722692370
0.878540039
0.949763179
0.698220551
0.503959000
0.681333899
0.049885575
0.146856695
0.476401806
1.128333807
0.549179614
1.128333807
0.594005048
0.522871494
0.146856695
0.092731267
0.632677913
1.032768488
1.052569866
0.681333899
0.722692370
0.041666538
0.092731267
0.049885575
0.364781886
0.130927846
0.427909046
0.567872047
1.114254236
0.321085304
0.255136877
0.290798455
0.142853245
1.208773255
1.260174513
2.896154404
0.953233182
1.539834976
0.420696914
0.420696914
3.041460752
0.554670215
1.749320388
1.539834976
3.264090776
3.264090776
2.241810083
1.588222504
2.926695108
1.101301432
2.241810083
2.053116560
2.127194881
1.108199239
3.099775076
2.983552456
1.588222504
0.695201278
3.041460752
0.122706242
3.130945206
2.056230783
1.539834976
0.456103444
2.607274294
2.896154404
2.053116560
0.420696914
1.484138489
1.101301432
0.856389523
0.687874436
0.874850988
2.686516523
2.216870308
2.060761452
0.343414068
0.695201278
0.695201278
2.797013521
3.149967670
0.456103444
2.522556782
1.588222504
2.686516523
2.128299475
2.587264299
2.797013521
2.056230783
1.484138489
2.006500244
0.146910965
0.432486951
1.402983665
3.322896719
1.617311478
3.322896719
1.749320388
1.539834976
0.432486951
0.273089767
1.863210440
3.041460752
3.099775076
2.006500244
2.128299475
0.122706242
0.273089767
0.146910965
1.074267626
0.385577112
1.260174513
1.672359943
3.281433105
0.945583045
0.751367629
0.856389523
0.420696914
0.467028350
0.486888021
1.118974209
0.368296444
0.594939172
0.162542790
0.162542790
1.175115585
0.214305460
0.675877154
0.594939172
1.261132240
1.261132240
0.866158187
0.613634467
1.130774140
0.425504923
0.866158187
0.793253541
0.821874797
0.428169996
1.197646260
1.152741790
0.613634467
0.268601835
1.175115585
0.047409464
1.209689379
0.794456720
0.594939172
0.176222652
1.007360935
1.118974209
0.793253541
0.162542790
0.573419988
0.425504923
0.330879420
0.265770972
0.338012278
1.037977457
0.856522322
0.796207249
0.132683367
0.268601835
0.268601835
1.080669641
1.217038989
0.176222652
0.974628985
0.613634467
1.037977457
0.822301567
0.999629796
1.080669641
0.794456720
0.573419988
0.775242567
0.056761336
0.167098060
0.542064548
1.283852816
0.624873400
1.283852816
0.675877154
0.594939172
0.167098060
0.105512477
0.719880342
1.175115585
1.197646260
0.775242567
0.822301567
0.047409464
0.105512477
0.056761336
0.415059984
0.148973718
0.486888021
0.646142244
1.267832637
0.365340710
0.290302545
0.330879420
0.162542790
0.888608754
0.926395476
2.129057646
0.700752854
1.131983042
0.309268057
0.309268057
2.235877037
0.407756209
1.285982609
1.131983042
2.399539709
2.399539709
1.648027778
1.167554259
2.151509285
0.809602678
1.648027778
1.509313107
1.563770413
0.814673424
2.278745890
2.193306684
1.167554259
0.511065185
2.235877037
0.090205364
2.301660061
1.511602402
1.131983042
0.335296541
1.916692495
2.129057646
1.509313107
0.309268057
1.091038704
0.809602678
0.629559934
0.505678952
0.643131554
1.974946141
1.629693866
1.514933109
0.252454907
0.511065185
0.511065185
2.056175947
2.315644264
0.335296541
1.854413867
1.167554259
1.974946141
1.564582348
1.901982546
2.056175947
1.511602402
1.091038704
1.475043893
0.107999049
0.317935288
1.031379104
2.442770004
1.188938498
2.442770004
1.285982609
1.131983042
0.317935288
0.200757205
1.369706869
2.235877037
2.278745890
1.475043893
1.564582348
0.090205364
0.200757205
0.107999049
0.789729238
0.283450335
0.926395476
1.229406357
2.412288666
0.695128977
0.552354872
0.629559934
0.309268057
3.656045198
3.811512947
8.759683609
2.883140802
4.657371521
1.272436261
1.272436261
9.199174881
1.677650690
5.290979385
4.657371521
9.872540474
9.872540474
6.780559063
4.803723812
8.852056503
3.330986738
6.780559063
6.209838867
6.433895111
3.351849794
9.375552177
9.024026871
4.803723812
2.102699757
9.199174881
0.371136218
9.469829559
6.219257832
4.657371521
1.379526496
7.885939121
8.759683609
6.209838867
1.272436261
4.488912582
3.330986738
2.590228319
2.080538988
2.646066666
8.125615120
6.705126762
6.232961178
1.038687229
2.102699757
2.102699757
8.459822655
9.527364731
1.379526496
7.629703045
4.803723812
8.125615120
6.437235832
7.825417042
8.459822655
6.219257832
4.488912582
6.068843365
0.444345623
1.308096290
4.243452072
10.050404549
4.891705990
10.050404549
5.290979385
4.657371521
1.308096290
0.825984955
5.635450363
9.199174881
9.375552177
6.068843365
6.437235832
0.371136218
0.825984955
0.444345623
3.249220610
1.166213155
3.811512947
5.058205128
9.924993515
2.860002041
2.272579908
2.590228319
1.272436261
0.417289585
0.435034186
0.999802887
0.329072684
0.531577885
0.145231903
0.145231903
1.049965143
0.191481814
0.603895843
0.531577885
1.126821041
1.126821041
0.773911893
0.548282087
1.010346174
0.380188435
0.773911893
0.708771586
0.734344721
0.382569671
1.070096254
1.029974222
0.548282087
0.239995599
1.049965143
0.042360332
1.080856800
0.709846675
0.531577885
0.157454848
0.900076509
0.999802887
0.708771586
0.145231903
0.512350440
0.380188435
0.295640588
0.237466216
0.302013785
0.927432299
0.765302241
0.711410761
0.118552521
0.239995599
0.239995599
0.965577722
1.087423682
0.157454848
0.870830476
0.548282087
0.927432299
0.734726012
0.893168688
0.965577722
0.709846675
0.512350440
0.692678809
0.050716221
0.149302021
0.484334409
1.147121787
0.558324099
1.147121787
0.603895843
0.531577885
0.149302021
0.094275348
0.643212676
1.049965143
1.070096254
0.692678809
0.734726012
0.042360332
0.094275348
0.050716221
0.370855898
0.133107930
0.435034186
0.577327788
1.132807851
0.326431721
0.259385198
0.295640588
0.145231903
0.515293479
0.537205517
1.234614730
0.406358093
0.656423271
0.179340795
0.179340795
1.296558022
0.236452892
0.745725751
0.656423271
1.391464114
1.391464114
0.955671370
0.677050591
1.247634172
0.469478786
0.955671370
0.875232399
0.906811535
0.472419262
1.321417093
1.271872044
0.677050591
0.296360523
1.296558022
0.052308999
1.334704876
0.876559973
0.656423271
0.194434404
1.111466765
1.234614730
0.875232399
0.179340795
0.632680118
0.469478786
0.365074188
0.293237090
0.372944206
1.145247340
0.945039749
0.878491342
0.146395549
0.296360523
0.296360523
1.192351580
1.342814088
0.194434404
1.075352192
0.677050591
1.145247340
0.907282412
1.102936625
1.192351580
0.876559973
0.632680118
0.855360091
0.062627338
0.184366822
0.598084271
1.416532755
0.689451039
1.416532755
0.745725751
0.656423271
0.184366822
0.116416678
0.794276416
1.296558022
1.321417093
0.855360091
0.907282412
0.052308999
0.116416678
0.062627338
0.457954407
0.164369419
0.537205517
0.712917924
1.398856997
0.403096884
0.320303917
0.365074188
0.179340795
